#
# There is insufficient memory for the Java Runtime Environment to continue.
# Native memory allocation (malloc) failed to allocate 561136 bytes for Chunk::new
# Possible reasons:
#   The system is out of physical RAM or swap space
#   The process is running with CompressedOops enabled, and the Java Heap may be blocking the growth of the native heap
# Possible solutions:
#   Reduce memory load on the system
#   Increase physical memory or swap space
#   Check if swap backing store is full
#   Decrease Java heap size (-Xmx/-Xms)
#   Decrease number of Java threads
#   Decrease Java thread stack sizes (-Xss)
#   Set larger code cache with -XX:ReservedCodeCacheSize=
#   JVM is running with Zero Based Compressed Oops mode in which the Java heap is
#     placed in the first 32GB address space. The Java Heap base address is the
#     maximum limit for the native heap growth. Please use -XX:HeapBaseMinAddress
#     to set the Java Heap base and to place the Java Heap above 32GB virtual address.
# This output file may be truncated or incomplete.
#
#  Out of Memory Error (t:/workspace/open/src/hotspot/share/memory/arena.cpp:197), pid=14444, tid=13848
#
# JRE version: OpenJDK Runtime Environment (11.0+28) (build 11+28)
# Java VM: OpenJDK 64-Bit Server VM (11+28, mixed mode, tiered, compressed oops, g1 gc, windows-amd64)
# No core dump will be written. Minidumps are not enabled by default on client versions of Windows
#

---------------  S U M M A R Y ------------

Command Line: -javaagent:C:\Program Files\JetBrains\IntelliJ IDEA Community Edition 2021.1.3\lib\idea_rt.jar=62057:C:\Program Files\JetBrains\IntelliJ IDEA Community Edition 2021.1.3\bin -Dfile.encoding=UTF-8 br.com.correntedobembackend.correntedobembackend.CorrenteDoBemBackendApplication

Host: AMD Ryzen 5 3500U with Radeon Vega Mobile Gfx  , 8 cores, 9G,  Windows 10 , 64 bit Build 19041 (10.0.19041.1023)
Time: Thu Jul 29 20:47:13 2021 Hora Padrão da Bahia elapsed time: 542 seconds (0d 0h 9m 2s)

---------------  T H R E A D  ---------------

Current thread (0x000002eab3734800):  JavaThread "C2 CompilerThread0" daemon [_thread_in_native, id=13848, stack(0x000000edf0300000,0x000000edf0400000)]


Current CompileTask:
C2: 542584 6576       4       java.util.TreeMap::put (247 bytes)

Stack: [0x000000edf0300000,0x000000edf0400000]
Native frames: (J=compiled Java code, j=interpreted, Vv=VM code, C=native code)
V  [jvm.dll+0x63adaa]
V  [jvm.dll+0x77852f]
V  [jvm.dll+0x779b18]
V  [jvm.dll+0x77a1d3]
V  [jvm.dll+0x2624c8]
V  [jvm.dll+0xc5b61]
V  [jvm.dll+0xc60fc]
V  [jvm.dll+0x36e6d7]
V  [jvm.dll+0x1ad861]
V  [jvm.dll+0x21c472]
V  [jvm.dll+0x21b50a]
V  [jvm.dll+0x198400]
V  [jvm.dll+0x22a4ff]
V  [jvm.dll+0x228b18]
V  [jvm.dll+0x73dc3d]
V  [jvm.dll+0x639e42]
C  [ucrtbase.dll+0x21bb2]
C  [KERNEL32.DLL+0x17034]
C  [ntdll.dll+0x52651]


---------------  P R O C E S S  ---------------

Threads class SMR info:
_java_thread_list=0x000002eab62ec840, length=30, elements={
0x000002eab2ec5000, 0x000002eab2ec7800, 0x000002eab3732800, 0x000002eab3733800,
0x000002eab3734800, 0x000002eab373a000, 0x000002eab373d000, 0x000002eab2e55000,
0x000002eab3cba800, 0x000002eab3cdf000, 0x000002eab69a0000, 0x000002eab7fcc800,
0x000002eab7086000, 0x000002eab69e6000, 0x000002eab7e43800, 0x000002eab97d7800,
0x000002eab97d3800, 0x000002eab97d5800, 0x000002eab97d8800, 0x000002eab97d3000,
0x000002eab97d9800, 0x000002eab97d4800, 0x000002eabcd4d800, 0x000002eabcd4a800,
0x000002eabcd4d000, 0x000002eabcd49800, 0x000002eabcd4c000, 0x000002eabcd48000,
0x000002eabcd4e800, 0x000002eabcd4b800
}

Java Threads: ( => current thread )
  0x000002eab2ec5000 JavaThread "Reference Handler" daemon [_thread_blocked, id=15320, stack(0x000000edeff00000,0x000000edf0000000)]
  0x000002eab2ec7800 JavaThread "Finalizer" daemon [_thread_blocked, id=13572, stack(0x000000edf0000000,0x000000edf0100000)]
  0x000002eab3732800 JavaThread "Signal Dispatcher" daemon [_thread_blocked, id=14424, stack(0x000000edf0100000,0x000000edf0200000)]
  0x000002eab3733800 JavaThread "Attach Listener" daemon [_thread_blocked, id=10900, stack(0x000000edf0200000,0x000000edf0300000)]
=>0x000002eab3734800 JavaThread "C2 CompilerThread0" daemon [_thread_in_native, id=13848, stack(0x000000edf0300000,0x000000edf0400000)]
  0x000002eab373a000 JavaThread "C1 CompilerThread0" daemon [_thread_blocked, id=16672, stack(0x000000edf0400000,0x000000edf0500000)]
  0x000002eab373d000 JavaThread "Sweeper thread" daemon [_thread_blocked, id=12724, stack(0x000000edf0500000,0x000000edf0600000)]
  0x000002eab2e55000 JavaThread "Common-Cleaner" daemon [_thread_blocked, id=10564, stack(0x000000edf0600000,0x000000edf0700000)]
  0x000002eab3cba800 JavaThread "Monitor Ctrl-Break" daemon [_thread_in_native, id=16348, stack(0x000000edf0800000,0x000000edf0900000)]
  0x000002eab3cdf000 JavaThread "Service Thread" daemon [_thread_blocked, id=5220, stack(0x000000edf0900000,0x000000edf0a00000)]
  0x000002eab69a0000 JavaThread "mysql-cj-abandoned-connection-cleanup" daemon [_thread_blocked, id=14372, stack(0x000000edf1600000,0x000000edf1700000)]
  0x000002eab7fcc800 JavaThread "HikariPool-1 housekeeper" daemon [_thread_blocked, id=9788, stack(0x000000edf1800000,0x000000edf1900000)]
  0x000002eab7086000 JavaThread "Catalina-utility-1" [_thread_blocked, id=3672, stack(0x000000edf1a00000,0x000000edf1b00000)]
  0x000002eab69e6000 JavaThread "Catalina-utility-2" [_thread_blocked, id=11644, stack(0x000000edf1b00000,0x000000edf1c00000)]
  0x000002eab7e43800 JavaThread "container-0" [_thread_blocked, id=14740, stack(0x000000edf1c00000,0x000000edf1d00000)]
  0x000002eab97d7800 JavaThread "File Watcher" daemon [_thread_blocked, id=16352, stack(0x000000edf1d00000,0x000000edf1e00000)]
  0x000002eab97d3800 JavaThread "Live Reload Server" daemon [_thread_in_native, id=16152, stack(0x000000edf1f00000,0x000000edf2000000)]
  0x000002eab97d5800 JavaThread "http-nio-8080-exec-1" daemon [_thread_blocked, id=15584, stack(0x000000edf1e00000,0x000000edf1f00000)]
  0x000002eab97d8800 JavaThread "http-nio-8080-exec-2" daemon [_thread_blocked, id=8528, stack(0x000000edf2000000,0x000000edf2100000)]
  0x000002eab97d3000 JavaThread "http-nio-8080-exec-3" daemon [_thread_blocked, id=13544, stack(0x000000edf2100000,0x000000edf2200000)]
  0x000002eab97d9800 JavaThread "http-nio-8080-exec-4" daemon [_thread_blocked, id=1948, stack(0x000000edf2200000,0x000000edf2300000)]
  0x000002eab97d4800 JavaThread "http-nio-8080-exec-5" daemon [_thread_blocked, id=2980, stack(0x000000edf2300000,0x000000edf2400000)]
  0x000002eabcd4d800 JavaThread "http-nio-8080-exec-6" daemon [_thread_blocked, id=6568, stack(0x000000edf2400000,0x000000edf2500000)]
  0x000002eabcd4a800 JavaThread "http-nio-8080-exec-7" daemon [_thread_blocked, id=16028, stack(0x000000edf2500000,0x000000edf2600000)]
  0x000002eabcd4d000 JavaThread "http-nio-8080-exec-8" daemon [_thread_blocked, id=11504, stack(0x000000edf2600000,0x000000edf2700000)]
  0x000002eabcd49800 JavaThread "http-nio-8080-exec-9" daemon [_thread_blocked, id=8460, stack(0x000000edf2700000,0x000000edf2800000)]
  0x000002eabcd4c000 JavaThread "http-nio-8080-exec-10" daemon [_thread_blocked, id=7236, stack(0x000000edf2800000,0x000000edf2900000)]
  0x000002eabcd48000 JavaThread "http-nio-8080-Poller" daemon [_thread_in_native, id=8720, stack(0x000000edf2900000,0x000000edf2a00000)]
  0x000002eabcd4e800 JavaThread "http-nio-8080-Acceptor" daemon [_thread_in_native, id=14588, stack(0x000000edf2a00000,0x000000edf2b00000)]
  0x000002eabcd4b800 JavaThread "DestroyJavaVM" [_thread_blocked, id=14800, stack(0x000000edef800000,0x000000edef900000)]

Other Threads:
  0x000002eab2e9c800 VMThread "VM Thread" [stack: 0x000000edefe00000,0x000000edeff00000] [id=14612]
  0x000002eab3ce1000 WatcherThread [stack: 0x000000edf0a00000,0x000000edf0b00000] [id=14996]
  0x000002ea92ec9000 GCTaskThread "GC Thread#0" [stack: 0x000000edef900000,0x000000edefa00000] [id=13812]
  0x000002eab43e2000 GCTaskThread "GC Thread#1" [stack: 0x000000edf0b00000,0x000000edf0c00000] [id=13460]
  0x000002eab4776800 GCTaskThread "GC Thread#2" [stack: 0x000000edf0c00000,0x000000edf0d00000] [id=17168]
  0x000002eab662e000 GCTaskThread "GC Thread#3" [stack: 0x000000edf1000000,0x000000edf1100000] [id=15844]
  0x000002eab6533800 GCTaskThread "GC Thread#4" [stack: 0x000000edf1100000,0x000000edf1200000] [id=16184]
  0x000002eab4a40000 GCTaskThread "GC Thread#5" [stack: 0x000000edf1200000,0x000000edf1300000] [id=16432]
  0x000002eab662b800 GCTaskThread "GC Thread#6" [stack: 0x000000edf1300000,0x000000edf1400000] [id=14124]
  0x000002eab4e6d000 GCTaskThread "GC Thread#7" [stack: 0x000000edf1400000,0x000000edf1500000] [id=16148]
  0x000002ea92f04000 ConcurrentGCThread "G1 Main Marker" [stack: 0x000000edefa00000,0x000000edefb00000] [id=14972]
  0x000002ea92f05800 ConcurrentGCThread "G1 Conc#0" [stack: 0x000000edefb00000,0x000000edefc00000] [id=7656]
  0x000002eab4f3f000 ConcurrentGCThread "G1 Conc#1" [stack: 0x000000edf1500000,0x000000edf1600000] [id=6536]
  0x000002ea92f8e000 ConcurrentGCThread "G1 Refine#0" [stack: 0x000000edefc00000,0x000000edefd00000] [id=11400]
  0x000002eab2d04800 ConcurrentGCThread "G1 Young RemSet Sampling" [stack: 0x000000edefd00000,0x000000edefe00000] [id=10004]

Threads with active compile tasks:
C2 CompilerThread06576       4       java.util.TreeMap::put (247 bytes)

VM state:not at safepoint (normal execution)

VM Mutex/Monitor currently owned by a thread: None

Heap address: 0x0000000760e00000, size: 2546 MB, Compressed Oops mode: Zero based, Oop shift amount: 3
Narrow klass base: 0x0000000800000000, Narrow klass shift: 0
Compressed class space size: 1073741824 Address: 0x0000000800000000

Heap:
 garbage-first heap   total 196608K, used 53860K [0x0000000760e00000, 0x0000000800000000)
  region size 1024K, 39 young (39936K), 13 survivors (13312K)
 Metaspace       used 73582K, capacity 75456K, committed 75480K, reserved 1114112K
  class space    used 9225K, capacity 9962K, committed 9984K, reserved 1048576K
Heap Regions: E=young(eden), S=young(survivor), O=old, HS=humongous(starts), HC=humongous(continues), CS=collection set, F=free, A=archive, TAMS=top-at-mark-start (previous, next)
|   0|0x0000000760e00000, 0x0000000760f00000, 0x0000000760f00000|100%|HS|  |TAMS 0x0000000760f00000, 0x0000000760e00000| Complete 
|   1|0x0000000760f00000, 0x0000000761000000, 0x0000000761000000|100%| O|  |TAMS 0x0000000761000000, 0x0000000760f00000| Untracked 
|   2|0x0000000761000000, 0x0000000761100000, 0x0000000761100000|100%| O|  |TAMS 0x0000000761100000, 0x0000000761000000| Untracked 
|   3|0x0000000761100000, 0x0000000761200000, 0x0000000761200000|100%| O|  |TAMS 0x0000000761200000, 0x0000000761100000| Untracked 
|   4|0x0000000761200000, 0x0000000761300000, 0x0000000761300000|100%| O|  |TAMS 0x0000000761300000, 0x0000000761200000| Untracked 
|   5|0x0000000761300000, 0x0000000761400000, 0x0000000761400000|100%| O|  |TAMS 0x0000000761400000, 0x0000000761300000| Untracked 
|   6|0x0000000761400000, 0x0000000761500000, 0x0000000761500000|100%| O|  |TAMS 0x0000000761500000, 0x0000000761400000| Untracked 
|   7|0x0000000761500000, 0x0000000761600000, 0x0000000761600000|100%| O|  |TAMS 0x0000000761600000, 0x0000000761500000| Untracked 
|   8|0x0000000761600000, 0x0000000761700000, 0x0000000761700000|100%| O|  |TAMS 0x0000000761700000, 0x0000000761600000| Untracked 
|   9|0x0000000761700000, 0x0000000761800000, 0x0000000761800000|100%| O|  |TAMS 0x0000000761800000, 0x0000000761700000| Untracked 
|  10|0x0000000761800000, 0x0000000761900000, 0x0000000761900000|100%| O|  |TAMS 0x0000000761863600, 0x0000000761800000| Untracked 
|  11|0x0000000761900000, 0x0000000761a00000, 0x0000000761a00000|100%| O|  |TAMS 0x0000000761900000, 0x0000000761900000| Untracked 
|  12|0x0000000761a00000, 0x0000000761b00000, 0x0000000761b00000|100%| O|  |TAMS 0x0000000761a00000, 0x0000000761a00000| Untracked 
|  13|0x0000000761b00000, 0x0000000761c00000, 0x0000000761c00000|100%| O|  |TAMS 0x0000000761b00000, 0x0000000761b00000| Untracked 
|  14|0x0000000761c00000, 0x0000000761cc7600, 0x0000000761d00000| 77%| O|  |TAMS 0x0000000761c00000, 0x0000000761c00000| Untracked 
|  15|0x0000000761d00000, 0x0000000761d00000, 0x0000000761e00000|  0%| F|  |TAMS 0x0000000761d00000, 0x0000000761d00000| Untracked 
|  16|0x0000000761e00000, 0x0000000761e00000, 0x0000000761f00000|  0%| F|  |TAMS 0x0000000761e00000, 0x0000000761e00000| Untracked 
|  17|0x0000000761f00000, 0x0000000761f00000, 0x0000000762000000|  0%| F|  |TAMS 0x0000000761f00000, 0x0000000761f00000| Untracked 
|  18|0x0000000762000000, 0x0000000762000000, 0x0000000762100000|  0%| F|  |TAMS 0x0000000762000000, 0x0000000762000000| Untracked 
|  19|0x0000000762100000, 0x0000000762100000, 0x0000000762200000|  0%| F|  |TAMS 0x0000000762100000, 0x0000000762100000| Untracked 
|  20|0x0000000762200000, 0x0000000762200000, 0x0000000762300000|  0%| F|  |TAMS 0x0000000762200000, 0x0000000762200000| Untracked 
|  21|0x0000000762300000, 0x0000000762300000, 0x0000000762400000|  0%| F|  |TAMS 0x0000000762300000, 0x0000000762300000| Untracked 
|  22|0x0000000762400000, 0x0000000762400000, 0x0000000762500000|  0%| F|  |TAMS 0x0000000762400000, 0x0000000762400000| Untracked 
|  23|0x0000000762500000, 0x0000000762500000, 0x0000000762600000|  0%| F|  |TAMS 0x0000000762500000, 0x0000000762500000| Untracked 
|  24|0x0000000762600000, 0x0000000762600000, 0x0000000762700000|  0%| F|  |TAMS 0x0000000762600000, 0x0000000762600000| Untracked 
|  25|0x0000000762700000, 0x0000000762700000, 0x0000000762800000|  0%| F|  |TAMS 0x0000000762700000, 0x0000000762700000| Untracked 
|  26|0x0000000762800000, 0x0000000762800000, 0x0000000762900000|  0%| F|  |TAMS 0x0000000762800000, 0x0000000762800000| Untracked 
|  27|0x0000000762900000, 0x0000000762900000, 0x0000000762a00000|  0%| F|  |TAMS 0x0000000762900000, 0x0000000762900000| Untracked 
|  28|0x0000000762a00000, 0x0000000762a00000, 0x0000000762b00000|  0%| F|  |TAMS 0x0000000762a00000, 0x0000000762a00000| Untracked 
|  29|0x0000000762b00000, 0x0000000762b00000, 0x0000000762c00000|  0%| F|  |TAMS 0x0000000762b00000, 0x0000000762b00000| Untracked 
|  30|0x0000000762c00000, 0x0000000762c00000, 0x0000000762d00000|  0%| F|  |TAMS 0x0000000762c00000, 0x0000000762c00000| Untracked 
|  31|0x0000000762d00000, 0x0000000762d00000, 0x0000000762e00000|  0%| F|  |TAMS 0x0000000762d00000, 0x0000000762d00000| Untracked 
|  32|0x0000000762e00000, 0x0000000762e00000, 0x0000000762f00000|  0%| F|  |TAMS 0x0000000762e00000, 0x0000000762e00000| Untracked 
|  33|0x0000000762f00000, 0x0000000762f00000, 0x0000000763000000|  0%| F|  |TAMS 0x0000000762f00000, 0x0000000762f00000| Untracked 
|  34|0x0000000763000000, 0x0000000763000000, 0x0000000763100000|  0%| F|  |TAMS 0x0000000763000000, 0x0000000763000000| Untracked 
|  35|0x0000000763100000, 0x0000000763100000, 0x0000000763200000|  0%| F|  |TAMS 0x0000000763100000, 0x0000000763100000| Untracked 
|  36|0x0000000763200000, 0x0000000763200000, 0x0000000763300000|  0%| F|  |TAMS 0x0000000763200000, 0x0000000763200000| Untracked 
|  37|0x0000000763300000, 0x0000000763300000, 0x0000000763400000|  0%| F|  |TAMS 0x0000000763300000, 0x0000000763300000| Untracked 
|  38|0x0000000763400000, 0x0000000763400000, 0x0000000763500000|  0%| F|  |TAMS 0x0000000763400000, 0x0000000763400000| Untracked 
|  39|0x0000000763500000, 0x0000000763500000, 0x0000000763600000|  0%| F|  |TAMS 0x0000000763500000, 0x0000000763500000| Untracked 
|  40|0x0000000763600000, 0x0000000763600000, 0x0000000763700000|  0%| F|  |TAMS 0x0000000763600000, 0x0000000763600000| Untracked 
|  41|0x0000000763700000, 0x0000000763700000, 0x0000000763800000|  0%| F|  |TAMS 0x0000000763700000, 0x0000000763700000| Untracked 
|  42|0x0000000763800000, 0x0000000763800000, 0x0000000763900000|  0%| F|  |TAMS 0x0000000763800000, 0x0000000763800000| Untracked 
|  43|0x0000000763900000, 0x0000000763900000, 0x0000000763a00000|  0%| F|  |TAMS 0x0000000763900000, 0x0000000763900000| Untracked 
|  44|0x0000000763a00000, 0x0000000763a00000, 0x0000000763b00000|  0%| F|  |TAMS 0x0000000763a00000, 0x0000000763a00000| Untracked 
|  45|0x0000000763b00000, 0x0000000763b00000, 0x0000000763c00000|  0%| F|  |TAMS 0x0000000763b00000, 0x0000000763b00000| Untracked 
|  46|0x0000000763c00000, 0x0000000763c00000, 0x0000000763d00000|  0%| F|  |TAMS 0x0000000763c00000, 0x0000000763c00000| Untracked 
|  47|0x0000000763d00000, 0x0000000763d00000, 0x0000000763e00000|  0%| F|  |TAMS 0x0000000763d00000, 0x0000000763d00000| Untracked 
|  48|0x0000000763e00000, 0x0000000763e00000, 0x0000000763f00000|  0%| F|  |TAMS 0x0000000763e00000, 0x0000000763e00000| Untracked 
|  49|0x0000000763f00000, 0x0000000763f00000, 0x0000000764000000|  0%| F|  |TAMS 0x0000000763f00000, 0x0000000763f00000| Untracked 
|  50|0x0000000764000000, 0x0000000764000000, 0x0000000764100000|  0%| F|  |TAMS 0x0000000764000000, 0x0000000764000000| Untracked 
|  51|0x0000000764100000, 0x0000000764100000, 0x0000000764200000|  0%| F|  |TAMS 0x0000000764100000, 0x0000000764100000| Untracked 
|  52|0x0000000764200000, 0x0000000764200000, 0x0000000764300000|  0%| F|  |TAMS 0x0000000764200000, 0x0000000764200000| Untracked 
|  53|0x0000000764300000, 0x0000000764300000, 0x0000000764400000|  0%| F|  |TAMS 0x0000000764300000, 0x0000000764300000| Untracked 
|  54|0x0000000764400000, 0x0000000764400000, 0x0000000764500000|  0%| F|  |TAMS 0x0000000764400000, 0x0000000764400000| Untracked 
|  55|0x0000000764500000, 0x0000000764500000, 0x0000000764600000|  0%| F|  |TAMS 0x0000000764500000, 0x0000000764500000| Untracked 
|  56|0x0000000764600000, 0x0000000764600000, 0x0000000764700000|  0%| F|  |TAMS 0x0000000764600000, 0x0000000764600000| Untracked 
|  57|0x0000000764700000, 0x0000000764700000, 0x0000000764800000|  0%| F|  |TAMS 0x0000000764700000, 0x0000000764700000| Untracked 
|  58|0x0000000764800000, 0x0000000764800000, 0x0000000764900000|  0%| F|  |TAMS 0x0000000764800000, 0x0000000764800000| Untracked 
|  59|0x0000000764900000, 0x0000000764900000, 0x0000000764a00000|  0%| F|  |TAMS 0x0000000764900000, 0x0000000764900000| Untracked 
|  60|0x0000000764a00000, 0x0000000764a00000, 0x0000000764b00000|  0%| F|  |TAMS 0x0000000764a00000, 0x0000000764a00000| Untracked 
|  61|0x0000000764b00000, 0x0000000764b00000, 0x0000000764c00000|  0%| F|  |TAMS 0x0000000764b00000, 0x0000000764b00000| Untracked 
|  62|0x0000000764c00000, 0x0000000764c00000, 0x0000000764d00000|  0%| F|  |TAMS 0x0000000764c00000, 0x0000000764c00000| Untracked 
|  63|0x0000000764d00000, 0x0000000764d00000, 0x0000000764e00000|  0%| F|  |TAMS 0x0000000764d00000, 0x0000000764d00000| Untracked 
|  64|0x0000000764e00000, 0x0000000764e00000, 0x0000000764f00000|  0%| F|  |TAMS 0x0000000764e00000, 0x0000000764e00000| Untracked 
|  65|0x0000000764f00000, 0x0000000764f00000, 0x0000000765000000|  0%| F|  |TAMS 0x0000000764f00000, 0x0000000764f00000| Untracked 
|  66|0x0000000765000000, 0x00000007650d1a88, 0x0000000765100000| 81%| S|CS|TAMS 0x0000000765000000, 0x0000000765000000| Complete 
|  67|0x0000000765100000, 0x0000000765200000, 0x0000000765200000|100%| S|CS|TAMS 0x0000000765100000, 0x0000000765100000| Complete 
|  68|0x0000000765200000, 0x0000000765300000, 0x0000000765300000|100%| S|CS|TAMS 0x0000000765200000, 0x0000000765200000| Complete 
|  69|0x0000000765300000, 0x0000000765400000, 0x0000000765400000|100%| S|CS|TAMS 0x0000000765300000, 0x0000000765300000| Complete 
|  70|0x0000000765400000, 0x0000000765500000, 0x0000000765500000|100%| S|CS|TAMS 0x0000000765400000, 0x0000000765400000| Complete 
|  71|0x0000000765500000, 0x0000000765600000, 0x0000000765600000|100%| S|CS|TAMS 0x0000000765500000, 0x0000000765500000| Complete 
|  72|0x0000000765600000, 0x0000000765700000, 0x0000000765700000|100%| S|CS|TAMS 0x0000000765600000, 0x0000000765600000| Complete 
|  73|0x0000000765700000, 0x0000000765800000, 0x0000000765800000|100%| S|CS|TAMS 0x0000000765700000, 0x0000000765700000| Complete 
|  74|0x0000000765800000, 0x0000000765900000, 0x0000000765900000|100%| S|CS|TAMS 0x0000000765800000, 0x0000000765800000| Complete 
|  75|0x0000000765900000, 0x0000000765a00000, 0x0000000765a00000|100%| S|CS|TAMS 0x0000000765900000, 0x0000000765900000| Complete 
|  76|0x0000000765a00000, 0x0000000765b00000, 0x0000000765b00000|100%| S|CS|TAMS 0x0000000765a00000, 0x0000000765a00000| Complete 
|  77|0x0000000765b00000, 0x0000000765c00000, 0x0000000765c00000|100%| S|CS|TAMS 0x0000000765b00000, 0x0000000765b00000| Complete 
|  78|0x0000000765c00000, 0x0000000765c00000, 0x0000000765d00000|  0%| F|  |TAMS 0x0000000765c00000, 0x0000000765c00000| Untracked 
|  79|0x0000000765d00000, 0x0000000765d00000, 0x0000000765e00000|  0%| F|  |TAMS 0x0000000765d00000, 0x0000000765d00000| Untracked 
|  80|0x0000000765e00000, 0x0000000765e00000, 0x0000000765f00000|  0%| F|  |TAMS 0x0000000765e00000, 0x0000000765e00000| Untracked 
|  81|0x0000000765f00000, 0x0000000765f00000, 0x0000000766000000|  0%| F|  |TAMS 0x0000000765f00000, 0x0000000765f00000| Untracked 
|  82|0x0000000766000000, 0x0000000766000000, 0x0000000766100000|  0%| F|  |TAMS 0x0000000766000000, 0x0000000766000000| Untracked 
|  83|0x0000000766100000, 0x0000000766100000, 0x0000000766200000|  0%| F|  |TAMS 0x0000000766100000, 0x0000000766100000| Untracked 
|  84|0x0000000766200000, 0x0000000766200000, 0x0000000766300000|  0%| F|  |TAMS 0x0000000766200000, 0x0000000766200000| Untracked 
|  85|0x0000000766300000, 0x0000000766400000, 0x0000000766400000|100%| S|CS|TAMS 0x0000000766300000, 0x0000000766300000| Complete 
|  86|0x0000000766400000, 0x0000000766400000, 0x0000000766500000|  0%| F|  |TAMS 0x0000000766400000, 0x0000000766400000| Untracked 
|  87|0x0000000766500000, 0x0000000766500000, 0x0000000766600000|  0%| F|  |TAMS 0x0000000766500000, 0x0000000766500000| Untracked 
|  88|0x0000000766600000, 0x0000000766600000, 0x0000000766700000|  0%| F|  |TAMS 0x0000000766600000, 0x0000000766600000| Untracked 
|  89|0x0000000766700000, 0x0000000766700000, 0x0000000766800000|  0%| F|  |TAMS 0x0000000766700000, 0x0000000766700000| Untracked 
|  90|0x0000000766800000, 0x0000000766800000, 0x0000000766900000|  0%| F|  |TAMS 0x0000000766800000, 0x0000000766800000| Untracked 
|  91|0x0000000766900000, 0x0000000766900000, 0x0000000766a00000|  0%| F|  |TAMS 0x0000000766900000, 0x0000000766900000| Untracked 
|  92|0x0000000766a00000, 0x0000000766a00000, 0x0000000766b00000|  0%| F|  |TAMS 0x0000000766a00000, 0x0000000766a00000| Untracked 
|  93|0x0000000766b00000, 0x0000000766b00000, 0x0000000766c00000|  0%| F|  |TAMS 0x0000000766b00000, 0x0000000766b00000| Untracked 
|  94|0x0000000766c00000, 0x0000000766c00000, 0x0000000766d00000|  0%| F|  |TAMS 0x0000000766c00000, 0x0000000766c00000| Untracked 
|  95|0x0000000766d00000, 0x0000000766d00000, 0x0000000766e00000|  0%| F|  |TAMS 0x0000000766d00000, 0x0000000766d00000| Untracked 
|  96|0x0000000766e00000, 0x0000000766e00000, 0x0000000766f00000|  0%| F|  |TAMS 0x0000000766e00000, 0x0000000766e00000| Untracked 
|  97|0x0000000766f00000, 0x0000000766f00000, 0x0000000767000000|  0%| F|  |TAMS 0x0000000766f00000, 0x0000000766f00000| Untracked 
|  98|0x0000000767000000, 0x0000000767000000, 0x0000000767100000|  0%| F|  |TAMS 0x0000000767000000, 0x0000000767000000| Untracked 
|  99|0x0000000767100000, 0x0000000767100000, 0x0000000767200000|  0%| F|  |TAMS 0x0000000767100000, 0x0000000767100000| Untracked 
| 100|0x0000000767200000, 0x0000000767200000, 0x0000000767300000|  0%| F|  |TAMS 0x0000000767200000, 0x0000000767200000| Untracked 
| 101|0x0000000767300000, 0x0000000767300000, 0x0000000767400000|  0%| F|  |TAMS 0x0000000767300000, 0x0000000767300000| Untracked 
| 102|0x0000000767400000, 0x0000000767400000, 0x0000000767500000|  0%| F|  |TAMS 0x0000000767400000, 0x0000000767400000| Untracked 
| 103|0x0000000767500000, 0x0000000767500000, 0x0000000767600000|  0%| F|  |TAMS 0x0000000767500000, 0x0000000767500000| Untracked 
| 104|0x0000000767600000, 0x0000000767600000, 0x0000000767700000|  0%| F|  |TAMS 0x0000000767600000, 0x0000000767600000| Untracked 
| 105|0x0000000767700000, 0x0000000767700000, 0x0000000767800000|  0%| F|  |TAMS 0x0000000767700000, 0x0000000767700000| Untracked 
| 106|0x0000000767800000, 0x0000000767800000, 0x0000000767900000|  0%| F|  |TAMS 0x0000000767800000, 0x0000000767800000| Untracked 
| 107|0x0000000767900000, 0x0000000767900000, 0x0000000767a00000|  0%| F|  |TAMS 0x0000000767900000, 0x0000000767900000| Untracked 
| 108|0x0000000767a00000, 0x0000000767a00000, 0x0000000767b00000|  0%| F|  |TAMS 0x0000000767a00000, 0x0000000767a00000| Untracked 
| 109|0x0000000767b00000, 0x0000000767b00000, 0x0000000767c00000|  0%| F|  |TAMS 0x0000000767b00000, 0x0000000767b00000| Untracked 
| 110|0x0000000767c00000, 0x0000000767c00000, 0x0000000767d00000|  0%| F|  |TAMS 0x0000000767c00000, 0x0000000767c00000| Untracked 
| 111|0x0000000767d00000, 0x0000000767d00000, 0x0000000767e00000|  0%| F|  |TAMS 0x0000000767d00000, 0x0000000767d00000| Untracked 
| 112|0x0000000767e00000, 0x0000000767e00000, 0x0000000767f00000|  0%| F|  |TAMS 0x0000000767e00000, 0x0000000767e00000| Untracked 
| 113|0x0000000767f00000, 0x0000000767f00000, 0x0000000768000000|  0%| F|  |TAMS 0x0000000767f00000, 0x0000000767f00000| Untracked 
| 114|0x0000000768000000, 0x0000000768000000, 0x0000000768100000|  0%| F|  |TAMS 0x0000000768000000, 0x0000000768000000| Untracked 
| 115|0x0000000768100000, 0x0000000768100000, 0x0000000768200000|  0%| F|  |TAMS 0x0000000768100000, 0x0000000768100000| Untracked 
| 116|0x0000000768200000, 0x0000000768200000, 0x0000000768300000|  0%| F|  |TAMS 0x0000000768200000, 0x0000000768200000| Untracked 
| 117|0x0000000768300000, 0x0000000768300000, 0x0000000768400000|  0%| F|  |TAMS 0x0000000768300000, 0x0000000768300000| Untracked 
| 118|0x0000000768400000, 0x0000000768400000, 0x0000000768500000|  0%| F|  |TAMS 0x0000000768400000, 0x0000000768400000| Untracked 
| 119|0x0000000768500000, 0x0000000768500000, 0x0000000768600000|  0%| F|  |TAMS 0x0000000768500000, 0x0000000768500000| Untracked 
| 120|0x0000000768600000, 0x0000000768600000, 0x0000000768700000|  0%| F|  |TAMS 0x0000000768600000, 0x0000000768600000| Untracked 
| 121|0x0000000768700000, 0x0000000768700000, 0x0000000768800000|  0%| F|  |TAMS 0x0000000768700000, 0x0000000768700000| Untracked 
| 122|0x0000000768800000, 0x0000000768800000, 0x0000000768900000|  0%| F|  |TAMS 0x0000000768800000, 0x0000000768800000| Untracked 
| 123|0x0000000768900000, 0x0000000768900000, 0x0000000768a00000|  0%| F|  |TAMS 0x0000000768900000, 0x0000000768900000| Untracked 
| 124|0x0000000768a00000, 0x0000000768a00000, 0x0000000768b00000|  0%| F|  |TAMS 0x0000000768a00000, 0x0000000768a00000| Untracked 
| 125|0x0000000768b00000, 0x0000000768b00000, 0x0000000768c00000|  0%| F|  |TAMS 0x0000000768b00000, 0x0000000768b00000| Untracked 
| 126|0x0000000768c00000, 0x0000000768c00000, 0x0000000768d00000|  0%| F|  |TAMS 0x0000000768c00000, 0x0000000768c00000| Untracked 
| 127|0x0000000768d00000, 0x0000000768d00000, 0x0000000768e00000|  0%| F|  |TAMS 0x0000000768d00000, 0x0000000768d00000| Untracked 
| 128|0x0000000768e00000, 0x0000000768e00000, 0x0000000768f00000|  0%| F|  |TAMS 0x0000000768e00000, 0x0000000768e00000| Untracked 
| 129|0x0000000768f00000, 0x0000000768f00000, 0x0000000769000000|  0%| F|  |TAMS 0x0000000768f00000, 0x0000000768f00000| Untracked 
| 130|0x0000000769000000, 0x0000000769000000, 0x0000000769100000|  0%| F|  |TAMS 0x0000000769000000, 0x0000000769000000| Untracked 
| 131|0x0000000769100000, 0x0000000769100000, 0x0000000769200000|  0%| F|  |TAMS 0x0000000769100000, 0x0000000769100000| Untracked 
| 132|0x0000000769200000, 0x0000000769200000, 0x0000000769300000|  0%| F|  |TAMS 0x0000000769200000, 0x0000000769200000| Untracked 
| 133|0x0000000769300000, 0x0000000769300000, 0x0000000769400000|  0%| F|  |TAMS 0x0000000769300000, 0x0000000769300000| Untracked 
| 134|0x0000000769400000, 0x0000000769400000, 0x0000000769500000|  0%| F|  |TAMS 0x0000000769400000, 0x0000000769400000| Untracked 
| 135|0x0000000769500000, 0x0000000769500000, 0x0000000769600000|  0%| F|  |TAMS 0x0000000769500000, 0x0000000769500000| Untracked 
| 136|0x0000000769600000, 0x0000000769600000, 0x0000000769700000|  0%| F|  |TAMS 0x0000000769600000, 0x0000000769600000| Untracked 
| 137|0x0000000769700000, 0x0000000769700000, 0x0000000769800000|  0%| F|  |TAMS 0x0000000769700000, 0x0000000769700000| Untracked 
| 138|0x0000000769800000, 0x0000000769800000, 0x0000000769900000|  0%| F|  |TAMS 0x0000000769800000, 0x0000000769800000| Untracked 
| 139|0x0000000769900000, 0x0000000769900000, 0x0000000769a00000|  0%| F|  |TAMS 0x0000000769900000, 0x0000000769900000| Untracked 
| 140|0x0000000769a00000, 0x0000000769a00000, 0x0000000769b00000|  0%| F|  |TAMS 0x0000000769a00000, 0x0000000769a00000| Untracked 
| 141|0x0000000769b00000, 0x0000000769b00000, 0x0000000769c00000|  0%| F|  |TAMS 0x0000000769b00000, 0x0000000769b00000| Untracked 
| 142|0x0000000769c00000, 0x0000000769c00000, 0x0000000769d00000|  0%| F|  |TAMS 0x0000000769c00000, 0x0000000769c00000| Untracked 
| 143|0x0000000769d00000, 0x0000000769d00000, 0x0000000769e00000|  0%| F|  |TAMS 0x0000000769d00000, 0x0000000769d00000| Untracked 
| 144|0x0000000769e00000, 0x0000000769e00000, 0x0000000769f00000|  0%| F|  |TAMS 0x0000000769e00000, 0x0000000769e00000| Untracked 
| 145|0x0000000769f00000, 0x0000000769f00000, 0x000000076a000000|  0%| F|  |TAMS 0x0000000769f00000, 0x0000000769f00000| Untracked 
| 146|0x000000076a000000, 0x000000076a000000, 0x000000076a100000|  0%| F|  |TAMS 0x000000076a000000, 0x000000076a000000| Untracked 
| 147|0x000000076a100000, 0x000000076a100000, 0x000000076a200000|  0%| F|  |TAMS 0x000000076a100000, 0x000000076a100000| Untracked 
| 148|0x000000076a200000, 0x000000076a200000, 0x000000076a300000|  0%| F|  |TAMS 0x000000076a200000, 0x000000076a200000| Untracked 
| 149|0x000000076a300000, 0x000000076a300000, 0x000000076a400000|  0%| F|  |TAMS 0x000000076a300000, 0x000000076a300000| Untracked 
| 150|0x000000076a400000, 0x000000076a400000, 0x000000076a500000|  0%| F|  |TAMS 0x000000076a400000, 0x000000076a400000| Untracked 
| 151|0x000000076a500000, 0x000000076a500000, 0x000000076a600000|  0%| F|  |TAMS 0x000000076a500000, 0x000000076a500000| Untracked 
| 152|0x000000076a600000, 0x000000076a600000, 0x000000076a700000|  0%| F|  |TAMS 0x000000076a600000, 0x000000076a600000| Untracked 
| 153|0x000000076a700000, 0x000000076a700000, 0x000000076a800000|  0%| F|  |TAMS 0x000000076a700000, 0x000000076a700000| Untracked 
| 154|0x000000076a800000, 0x000000076a800000, 0x000000076a900000|  0%| F|  |TAMS 0x000000076a800000, 0x000000076a800000| Untracked 
| 155|0x000000076a900000, 0x000000076a900000, 0x000000076aa00000|  0%| F|  |TAMS 0x000000076a900000, 0x000000076a900000| Untracked 
| 156|0x000000076aa00000, 0x000000076aa00000, 0x000000076ab00000|  0%| F|  |TAMS 0x000000076aa00000, 0x000000076aa00000| Untracked 
| 157|0x000000076ab00000, 0x000000076ab00000, 0x000000076ac00000|  0%| F|  |TAMS 0x000000076ab00000, 0x000000076ab00000| Untracked 
| 158|0x000000076ac00000, 0x000000076ac00000, 0x000000076ad00000|  0%| F|  |TAMS 0x000000076ac00000, 0x000000076ac00000| Untracked 
| 159|0x000000076ad00000, 0x000000076ad00000, 0x000000076ae00000|  0%| F|  |TAMS 0x000000076ad00000, 0x000000076ad00000| Untracked 
| 160|0x000000076ae00000, 0x000000076ae00000, 0x000000076af00000|  0%| F|  |TAMS 0x000000076ae00000, 0x000000076ae00000| Untracked 
| 161|0x000000076af00000, 0x000000076af00000, 0x000000076b000000|  0%| F|  |TAMS 0x000000076af00000, 0x000000076af00000| Untracked 
| 162|0x000000076b000000, 0x000000076b000000, 0x000000076b100000|  0%| F|  |TAMS 0x000000076b000000, 0x000000076b000000| Untracked 
| 163|0x000000076b100000, 0x000000076b100000, 0x000000076b200000|  0%| F|  |TAMS 0x000000076b100000, 0x000000076b100000| Untracked 
| 164|0x000000076b200000, 0x000000076b200000, 0x000000076b300000|  0%| F|  |TAMS 0x000000076b200000, 0x000000076b200000| Untracked 
| 165|0x000000076b300000, 0x000000076b300000, 0x000000076b400000|  0%| F|  |TAMS 0x000000076b300000, 0x000000076b300000| Untracked 
| 166|0x000000076b400000, 0x000000076b4ff3f8, 0x000000076b500000| 99%| E|  |TAMS 0x000000076b400000, 0x000000076b400000| Complete 
| 167|0x000000076b500000, 0x000000076b600000, 0x000000076b600000|100%| E|CS|TAMS 0x000000076b500000, 0x000000076b500000| Complete 
| 168|0x000000076b600000, 0x000000076b700000, 0x000000076b700000|100%| E|CS|TAMS 0x000000076b600000, 0x000000076b600000| Complete 
| 169|0x000000076b700000, 0x000000076b800000, 0x000000076b800000|100%| E|CS|TAMS 0x000000076b700000, 0x000000076b700000| Complete 
| 170|0x000000076b800000, 0x000000076b900000, 0x000000076b900000|100%| E|CS|TAMS 0x000000076b800000, 0x000000076b800000| Complete 
| 171|0x000000076b900000, 0x000000076ba00000, 0x000000076ba00000|100%| E|CS|TAMS 0x000000076b900000, 0x000000076b900000| Complete 
| 172|0x000000076ba00000, 0x000000076bb00000, 0x000000076bb00000|100%| E|CS|TAMS 0x000000076ba00000, 0x000000076ba00000| Complete 
| 173|0x000000076bb00000, 0x000000076bc00000, 0x000000076bc00000|100%| E|CS|TAMS 0x000000076bb00000, 0x000000076bb00000| Complete 
| 174|0x000000076bc00000, 0x000000076bd00000, 0x000000076bd00000|100%| E|CS|TAMS 0x000000076bc00000, 0x000000076bc00000| Complete 
| 175|0x000000076bd00000, 0x000000076be00000, 0x000000076be00000|100%| E|CS|TAMS 0x000000076bd00000, 0x000000076bd00000| Complete 
| 176|0x000000076be00000, 0x000000076bf00000, 0x000000076bf00000|100%| E|CS|TAMS 0x000000076be00000, 0x000000076be00000| Complete 
| 177|0x000000076bf00000, 0x000000076c000000, 0x000000076c000000|100%| E|CS|TAMS 0x000000076bf00000, 0x000000076bf00000| Complete 
| 178|0x000000076c000000, 0x000000076c100000, 0x000000076c100000|100%| E|CS|TAMS 0x000000076c000000, 0x000000076c000000| Complete 
| 179|0x000000076c100000, 0x000000076c200000, 0x000000076c200000|100%| E|CS|TAMS 0x000000076c100000, 0x000000076c100000| Complete 
| 180|0x000000076c200000, 0x000000076c300000, 0x000000076c300000|100%| E|CS|TAMS 0x000000076c200000, 0x000000076c200000| Complete 
| 181|0x000000076c300000, 0x000000076c400000, 0x000000076c400000|100%| E|CS|TAMS 0x000000076c300000, 0x000000076c300000| Complete 
| 182|0x000000076c400000, 0x000000076c500000, 0x000000076c500000|100%| E|CS|TAMS 0x000000076c400000, 0x000000076c400000| Complete 
| 183|0x000000076c500000, 0x000000076c600000, 0x000000076c600000|100%| E|CS|TAMS 0x000000076c500000, 0x000000076c500000| Complete 
| 184|0x000000076c600000, 0x000000076c700000, 0x000000076c700000|100%| E|CS|TAMS 0x000000076c600000, 0x000000076c600000| Complete 
| 185|0x000000076c700000, 0x000000076c800000, 0x000000076c800000|100%| E|CS|TAMS 0x000000076c700000, 0x000000076c700000| Complete 
| 186|0x000000076c800000, 0x000000076c900000, 0x000000076c900000|100%| E|CS|TAMS 0x000000076c800000, 0x000000076c800000| Complete 
| 187|0x000000076c900000, 0x000000076ca00000, 0x000000076ca00000|100%| E|CS|TAMS 0x000000076c900000, 0x000000076c900000| Complete 
| 188|0x000000076ca00000, 0x000000076cb00000, 0x000000076cb00000|100%| E|CS|TAMS 0x000000076ca00000, 0x000000076ca00000| Complete 
| 189|0x000000076cb00000, 0x000000076cc00000, 0x000000076cc00000|100%| E|CS|TAMS 0x000000076cb00000, 0x000000076cb00000| Complete 
| 190|0x000000076cc00000, 0x000000076cd00000, 0x000000076cd00000|100%| E|CS|TAMS 0x000000076cc00000, 0x000000076cc00000| Complete 
| 191|0x000000076cd00000, 0x000000076ce00000, 0x000000076ce00000|100%| E|CS|TAMS 0x000000076cd00000, 0x000000076cd00000| Complete 

Card table byte_map: [0x000002eaaa9f0000,0x000002eaaaef0000] _byte_map_base: 0x000002eaa6ee9000

Marking Bits (Prev, Next): (CMBitMap*) 0x000002ea92ef9630, (CMBitMap*) 0x000002ea92ef95f8
 Prev Bits: [0x000002eaadbc0000, 0x000002eab0388000)
 Next Bits: [0x000002eaab3f0000, 0x000002eaadbb8000)

Polling page: 0x000002ea92690000

Metaspace:

Usage:
  Non-class:     63.96 MB capacity,    62.85 MB ( 98%) used,   893.31 KB (  1%) free+waste,   244.19 KB ( <1%) overhead. 
      Class:      9.73 MB capacity,     9.01 MB ( 93%) used,   623.15 KB (  6%) free+waste,   113.31 KB (  1%) overhead. 
       Both:     73.69 MB capacity,    71.86 MB ( 98%) used,     1.48 MB (  2%) free+waste,   357.50 KB ( <1%) overhead. 

Virtual space:
  Non-class space:       64.00 MB reserved,      63.96 MB (>99%) committed 
      Class space:        1.00 GB reserved,       9.75 MB ( <1%) committed 
             Both:        1.06 GB reserved,      73.71 MB (  7%) committed 

Chunk freelists:
   Non-Class:  0 bytes
       Class:  0 bytes
        Both:  0 bytes

CodeHeap 'non-profiled nmethods': size=120000Kb used=3306Kb max_used=4509Kb free=116693Kb
 bounds [0x000002eaa2c90000, 0x000002eaa3100000, 0x000002eaaa1c0000]
CodeHeap 'profiled nmethods': size=120000Kb used=11784Kb max_used=14494Kb free=108215Kb
 bounds [0x000002ea9b760000, 0x000002ea9c590000, 0x000002eaa2c90000]
CodeHeap 'non-nmethods': size=5760Kb used=1261Kb max_used=1310Kb free=4498Kb
 bounds [0x000002ea9b1c0000, 0x000002ea9b430000, 0x000002ea9b760000]
 total_blobs=8647 nmethods=5529 adapters=538
 compilation: enabled
              stopped_count=0, restarted_count=0
 full_count=0

Compilation events (10 events):
Event: 542.230 Thread 0x000002eab373a000 6584       1       org.hibernate.engine.internal.EntityEntryContext$ManagedEntityImpl::$$_hibernate_setPreviousManagedEntity (6 bytes)
Event: 542.231 Thread 0x000002eab373a000 nmethod 6584 0x000002eaa2cf7210 code [0x000002eaa2cf73c0, 0x000002eaa2cf7538]
Event: 542.231 Thread 0x000002eab373a000 6585       3       org.hibernate.type.descriptor.java.ImmutableMutabilityPlan::deepCopy (2 bytes)
Event: 542.231 Thread 0x000002eab373a000 nmethod 6585 0x000002ea9b803710 code [0x000002ea9b8038c0, 0x000002ea9b803a18]
Event: 542.234 Thread 0x000002eab373a000 6586       3       java.util.TreeMap::compare (32 bytes)
Event: 542.235 Thread 0x000002eab373a000 nmethod 6586 0x000002ea9b812c10 code [0x000002ea9b812e00, 0x000002ea9b813280]
Event: 542.235 Thread 0x000002eab373a000 6587       1       org.hibernate.engine.spi.LoadQueryInfluencers::getEffectiveEntityGraph (5 bytes)
Event: 542.235 Thread 0x000002eab373a000 nmethod 6587 0x000002eaa2cf6e90 code [0x000002eaa2cf7040, 0x000002eaa2cf7158]
Event: 542.259 Thread 0x000002eab3734800 nmethod 6565 0x000002eaa2d03d10 code [0x000002eaa2d03f00, 0x000002eaa2d04a28]
Event: 542.259 Thread 0x000002eab3734800 6576       4       java.util.TreeMap::put (247 bytes)

GC Heap History (10 events):
Event: 5.886 GC heap before
{Heap before GC invocations=5 (full 0):
 garbage-first heap   total 163840K, used 100499K [0x0000000760e00000, 0x0000000800000000)
  region size 1024K, 96 young (98304K), 8 survivors (8192K)
 Metaspace       used 35367K, capacity 36497K, committed 36736K, reserved 1081344K
  class space    used 4162K, capacity 4609K, committed 4736K, reserved 1048576K
}
Event: 5.899 GC heap after
{Heap after GC invocations=6 (full 0):
 garbage-first heap   total 163840K, used 15591K [0x0000000760e00000, 0x0000000800000000)
  region size 1024K, 9 young (9216K), 9 survivors (9216K)
 Metaspace       used 35367K, capacity 36497K, committed 36736K, reserved 1081344K
  class space    used 4162K, capacity 4609K, committed 4736K, reserved 1048576K
}
Event: 6.770 GC heap before
{Heap before GC invocations=6 (full 0):
 garbage-first heap   total 163840K, used 103655K [0x0000000760e00000, 0x0000000800000000)
  region size 1024K, 96 young (98304K), 9 survivors (9216K)
 Metaspace       used 43047K, capacity 44235K, committed 44544K, reserved 1087488K
  class space    used 5051K, capacity 5523K, committed 5632K, reserved 1048576K
}
Event: 6.781 GC heap after
{Heap after GC invocations=7 (full 0):
 garbage-first heap   total 196608K, used 18771K [0x0000000760e00000, 0x0000000800000000)
  region size 1024K, 8 young (8192K), 8 survivors (8192K)
 Metaspace       used 43047K, capacity 44235K, committed 44544K, reserved 1087488K
  class space    used 5051K, capacity 5523K, committed 5632K, reserved 1048576K
}
Event: 7.078 GC heap before
{Heap before GC invocations=7 (full 0):
 garbage-first heap   total 196608K, used 33107K [0x0000000760e00000, 0x0000000800000000)
  region size 1024K, 23 young (23552K), 8 survivors (8192K)
 Metaspace       used 44287K, capacity 45588K, committed 45656K, reserved 1089536K
  class space    used 5223K, capacity 5718K, committed 5760K, reserved 1048576K
}
Event: 7.090 GC heap after
{Heap after GC invocations=8 (full 0):
 garbage-first heap   total 196608K, used 19557K [0x0000000760e00000, 0x0000000800000000)
  region size 1024K, 9 young (9216K), 9 survivors (9216K)
 Metaspace       used 44287K, capacity 45588K, committed 45656K, reserved 1089536K
  class space    used 5223K, capacity 5718K, committed 5760K, reserved 1048576K
}
Event: 9.921 GC heap before
{Heap before GC invocations=9 (full 0):
 garbage-first heap   total 196608K, used 119909K [0x0000000760e00000, 0x0000000800000000)
  region size 1024K, 107 young (109568K), 9 survivors (9216K)
 Metaspace       used 59149K, capacity 60613K, committed 60760K, reserved 1101824K
  class space    used 7411K, capacity 7968K, committed 8064K, reserved 1048576K
}
Event: 9.933 GC heap after
{Heap after GC invocations=10 (full 0):
 garbage-first heap   total 196608K, used 22301K [0x0000000760e00000, 0x0000000800000000)
  region size 1024K, 7 young (7168K), 7 survivors (7168K)
 Metaspace       used 59149K, capacity 60613K, committed 60760K, reserved 1101824K
  class space    used 7411K, capacity 7968K, committed 8064K, reserved 1048576K
}
Event: 52.976 GC heap before
{Heap before GC invocations=10 (full 0):
 garbage-first heap   total 196608K, used 130845K [0x0000000760e00000, 0x0000000800000000)
  region size 1024K, 113 young (115712K), 7 survivors (7168K)
 Metaspace       used 72994K, capacity 74893K, committed 75224K, reserved 1114112K
  class space    used 9176K, capacity 9889K, committed 9984K, reserved 1048576K
}
Event: 52.987 GC heap after
{Heap after GC invocations=11 (full 0):
 garbage-first heap   total 196608K, used 28260K [0x0000000760e00000, 0x0000000800000000)
  region size 1024K, 13 young (13312K), 13 survivors (13312K)
 Metaspace       used 72994K, capacity 74893K, committed 75224K, reserved 1114112K
  class space    used 9176K, capacity 9889K, committed 9984K, reserved 1048576K
}

Deoptimization events (10 events):
Event: 19.900 Thread 0x000002eab97d8800 Uncommon trap: reason=unstable_if action=reinterpret pc=0x000002eaa2dec360 method=java.util.StringTokenizer.scanToken(I)I @ 96 c2
Event: 19.951 Thread 0x000002eab97d8800 Uncommon trap: reason=unstable_if action=reinterpret pc=0x000002eaa2ca1ce4 method=java.lang.CharacterData.of(I)Ljava/lang/CharacterData; @ 4 c2
Event: 20.207 Thread 0x000002eab97d8800 Uncommon trap: reason=unstable_if action=reinterpret pc=0x000002eaa2d29278 method=java.util.Objects.equals(Ljava/lang/Object;Ljava/lang/Object;)Z @ 6 c2
Event: 20.218 Thread 0x000002eab97d8800 Uncommon trap: reason=class_check action=maybe_recompile pc=0x000002eaa30841dc method=java.util.concurrent.ConcurrentHashMap.putVal(Ljava/lang/Object;Ljava/lang/Object;Z)Ljava/lang/Object; @ 159 c2
Event: 20.219 Thread 0x000002eab97d8800 Uncommon trap: reason=class_check action=maybe_recompile pc=0x000002eaa30841dc method=java.util.concurrent.ConcurrentHashMap.putVal(Ljava/lang/Object;Ljava/lang/Object;Z)Ljava/lang/Object; @ 159 c2
Event: 61.256 Thread 0x000002eab97d3000 Uncommon trap: reason=unstable_if action=reinterpret pc=0x000002eaa2f8fd84 method=java.lang.Class.getComponentType()Ljava/lang/Class; @ 4 c2
Event: 337.114 Thread 0x000002eab7086000 Uncommon trap: reason=profile_predicate action=maybe_recompile pc=0x000002eaa2d35c68 method=java.util.TreeMap.put(Ljava/lang/Object;Ljava/lang/Object;)Ljava/lang/Object; @ 55 c2
Event: 337.114 Thread 0x000002eab7086000 Uncommon trap: reason=profile_predicate action=maybe_recompile pc=0x000002eaa2d35c68 method=java.util.TreeMap.put(Ljava/lang/Object;Ljava/lang/Object;)Ljava/lang/Object; @ 55 c2
Event: 347.123 Thread 0x000002eab69e6000 Uncommon trap: reason=profile_predicate action=maybe_recompile pc=0x000002eaa2d35c68 method=java.util.TreeMap.put(Ljava/lang/Object;Ljava/lang/Object;)Ljava/lang/Object; @ 55 c2
Event: 347.123 Thread 0x000002eab69e6000 Uncommon trap: reason=profile_predicate action=maybe_recompile pc=0x000002eaa2d35c68 method=java.util.TreeMap.put(Ljava/lang/Object;Ljava/lang/Object;)Ljava/lang/Object; @ 55 c2

Classes redefined (0 events):
No events

Internal exceptions (10 events):
Event: 11.391 Thread 0x000002eab47d5000 Implicit null exception at 0x000002eaa2f42afa to 0x000002eaa2f42e36
Event: 11.664 Thread 0x000002eab47d5000 Exception <a 'java/lang/IncompatibleClassChangeError'{0x0000000769251be0}: Found class java.lang.Object, but interface was expected> (0x0000000769251be0) thrown at [t:/workspace/open/src/hotspot/share/interpreter/linkResolver.cpp, line 856]
Event: 11.728 Thread 0x000002eab47d5000 Exception <a 'java/lang/ClassNotFoundException'{0x00000007691b0ef8}: java/lang/ObjectCustomizer> (0x00000007691b0ef8) thrown at [t:/workspace/open/src/hotspot/share/classfile/systemDictionary.cpp, line 231]
Event: 11.729 Thread 0x000002eab47d5000 Exception <a 'java/lang/ClassNotFoundException'{0x00000007691c66c8}: org/springframework/security/config/annotation/web/configuration/HttpSecurityConfigurationCustomizer> (0x00000007691c66c8) thrown at [t:/workspace/open/src/hotspot/share/classfile/system
Event: 12.208 Thread 0x000002eab47d5000 Exception <a 'java/lang/NoSuchMethodError'{0x000000076812d0e0}: java.lang.invoke.DirectMethodHandle$Holder.invokeSpecial(Ljava/lang/Object;Ljava/lang/Object;ILjava/lang/Object;ILjava/lang/Object;)Ljava/lang/Object;> (0x000000076812d0e0) thrown at [t:/work
Event: 12.208 Thread 0x000002eab47d5000 Exception <a 'java/lang/NoSuchMethodError'{0x0000000768134868}: java.lang.invoke.DirectMethodHandle$Holder.invokeStatic(Ljava/lang/Object;Ljava/lang/Object;ILjava/lang/Object;I)Ljava/lang/Object;> (0x0000000768134868) thrown at [t:/workspace/open/src/hots
Event: 12.209 Thread 0x000002eab47d5000 Exception <a 'java/lang/NoSuchMethodError'{0x0000000768138040}: java.lang.invoke.DirectMethodHandle$Holder.invokeSpecial(Ljava/lang/Object;Ljava/lang/Object;Ljava/lang/Object;ILjava/lang/Object;I)Ljava/lang/Object;> (0x0000000768138040) thrown at [t:/work
Event: 12.211 Thread 0x000002eab47d5000 Exception <a 'java/lang/NoSuchMethodError'{0x00000007681417b8}: java.lang.invoke.DirectMethodHandle$Holder.invokeVirtual(Ljava/lang/Object;Ljava/lang/Object;)V> (0x00000007681417b8) thrown at [t:/workspace/open/src/hotspot/share/interpreter/linkResolver.c
Event: 20.061 Thread 0x000002eab97d8800 Exception <a 'java/lang/NoSuchMethodError'{0x0000000766dd2928}: java.lang.invoke.DirectMethodHandle$Holder.invokeInterface(Ljava/lang/Object;Ljava/lang/Object;Ljava/lang/Object;Ljava/lang/Object;)Ljava/lang/Object;> (0x0000000766dd2928) thrown at [t:/work
Event: 20.102 Thread 0x000002eab97d8800 Exception <a 'java/lang/NoSuchMethodError'{0x0000000766b16b90}: java.lang.invoke.DirectMethodHandle$Holder.invokeStaticInit(Ljava/lang/Object;Ljava/lang/Object;Ljava/lang/Object;Ljava/lang/Object;Ljava/lang/Object;Ljava/lang/Object;)Ljava/lang/Object;> (0

Events (10 events):
Event: 447.206 Thread 0x000002eab373d000 flushing nmethod 0x000002ea9bb06b10
Event: 447.207 Thread 0x000002eab373d000 flushing nmethod 0x000002ea9be08d10
Event: 447.208 Thread 0x000002eab373d000 flushing nmethod 0x000002ea9bef4110
Event: 447.208 Thread 0x000002eab373d000 flushing nmethod 0x000002ea9c0b4110
Event: 447.210 Thread 0x000002eab373d000 flushing nmethod 0x000002ea9c51f710
Event: 447.210 Thread 0x000002eab373d000 flushing nmethod 0x000002ea9c527690
Event: 464.267 Thread 0x000002eab373d000 flushing nmethod 0x000002ea9bb5ee90
Event: 464.271 Thread 0x000002eab373d000 flushing nmethod 0x000002ea9c4eef10
Event: 542.236 Executing VM operation: RevokeBias
Event: 542.236 Executing VM operation: RevokeBias done


Dynamic libraries:
0x00007ff6ba8f0000 - 0x00007ff6ba935000 	C:\Java\jdk-11\bin\java.exe
0x00007ff8e7490000 - 0x00007ff8e7685000 	C:\WINDOWS\SYSTEM32\ntdll.dll
0x00007ff8e57c0000 - 0x00007ff8e587d000 	C:\WINDOWS\System32\KERNEL32.DLL
0x00007ff8e4da0000 - 0x00007ff8e5069000 	C:\WINDOWS\System32\KERNELBASE.dll
0x00007ff8e6300000 - 0x00007ff8e64a0000 	C:\WINDOWS\System32\USER32.dll
0x00007ff8e52e0000 - 0x00007ff8e5302000 	C:\WINDOWS\System32\win32u.dll
0x00007ff8e6d30000 - 0x00007ff8e6d5a000 	C:\WINDOWS\System32\GDI32.dll
0x00007ff8e5170000 - 0x00007ff8e527b000 	C:\WINDOWS\System32\gdi32full.dll
0x00007ff8e4c20000 - 0x00007ff8e4cbd000 	C:\WINDOWS\System32\msvcp_win.dll
0x00007ff8e5070000 - 0x00007ff8e5170000 	C:\WINDOWS\System32\ucrtbase.dll
0x00007ff8d3e40000 - 0x00007ff8d40da000 	C:\WINDOWS\WinSxS\amd64_microsoft.windows.common-controls_6595b64144ccf1df_6.0.19041.1083_none_60bbe31371f34e71\COMCTL32.dll
0x00007ff8e6c90000 - 0x00007ff8e6d2e000 	C:\WINDOWS\System32\msvcrt.dll
0x00007ff8e6fb0000 - 0x00007ff8e6fe0000 	C:\WINDOWS\System32\IMM32.DLL
0x00007ff8cd130000 - 0x00007ff8cd146000 	C:\Java\jdk-11\bin\vcruntime140.dll
0x00007ff8cc5e0000 - 0x00007ff8cc68a000 	C:\Java\jdk-11\bin\msvcp140.dll
0x00007ff8a1a20000 - 0x00007ff8a2561000 	C:\Java\jdk-11\bin\server\jvm.dll
0x00007ff8e5500000 - 0x00007ff8e55ac000 	C:\WINDOWS\System32\ADVAPI32.dll
0x00007ff8e58e0000 - 0x00007ff8e597b000 	C:\WINDOWS\System32\sechost.dll
0x00007ff8e6670000 - 0x00007ff8e679a000 	C:\WINDOWS\System32\RPCRT4.dll
0x00007ff8e6660000 - 0x00007ff8e6668000 	C:\WINDOWS\System32\PSAPI.DLL
0x00007ff8daea0000 - 0x00007ff8daeaa000 	C:\WINDOWS\SYSTEM32\VERSION.dll
0x00007ff8d8f50000 - 0x00007ff8d8f77000 	C:\WINDOWS\SYSTEM32\WINMM.dll
0x00007ff8d15c0000 - 0x00007ff8d15c9000 	C:\WINDOWS\SYSTEM32\WSOCK32.dll
0x00007ff8e67b0000 - 0x00007ff8e681b000 	C:\WINDOWS\System32\WS2_32.dll
0x00007ff8e2ac0000 - 0x00007ff8e2ad2000 	C:\WINDOWS\SYSTEM32\kernel.appcore.dll
0x00007ff8ccdf0000 - 0x00007ff8cce01000 	C:\Java\jdk-11\bin\verify.dll
0x00007ff8d2ef0000 - 0x00007ff8d30d4000 	C:\WINDOWS\SYSTEM32\DBGHELP.DLL
0x00007ff8d1c80000 - 0x00007ff8d1cac000 	C:\WINDOWS\SYSTEM32\dbgcore.DLL
0x00007ff8e5470000 - 0x00007ff8e54f3000 	C:\WINDOWS\System32\bcryptPrimitives.dll
0x00007ff8ccdc0000 - 0x00007ff8ccde8000 	C:\Java\jdk-11\bin\java.dll
0x00007ff8cc900000 - 0x00007ff8cc92f000 	C:\Java\jdk-11\bin\instrument.dll
0x00007ff8ccc60000 - 0x00007ff8ccc76000 	C:\Java\jdk-11\bin\zip.dll
0x00007ff8deb00000 - 0x00007ff8deb0a000 	C:\Java\jdk-11\bin\jimage.dll
0x00007ff8e5bc0000 - 0x00007ff8e62ff000 	C:\WINDOWS\System32\SHELL32.dll
0x00007ff8e2cc0000 - 0x00007ff8e3451000 	C:\WINDOWS\SYSTEM32\windows.storage.dll
0x00007ff8e68d0000 - 0x00007ff8e6c25000 	C:\WINDOWS\System32\combase.dll
0x00007ff8e45d0000 - 0x00007ff8e45fc000 	C:\WINDOWS\SYSTEM32\Wldp.dll
0x00007ff8e6820000 - 0x00007ff8e68ce000 	C:\WINDOWS\System32\SHCORE.dll
0x00007ff8e6c30000 - 0x00007ff8e6c85000 	C:\WINDOWS\System32\shlwapi.dll
0x00007ff8e4b10000 - 0x00007ff8e4b2f000 	C:\WINDOWS\SYSTEM32\profapi.dll
0x00007ff8ccad0000 - 0x00007ff8ccae9000 	C:\Java\jdk-11\bin\net.dll
0x00007ff8dd830000 - 0x00007ff8dd93a000 	C:\WINDOWS\SYSTEM32\WINHTTP.dll
0x00007ff8e4280000 - 0x00007ff8e42ea000 	C:\WINDOWS\system32\mswsock.dll
0x00007ff8cc760000 - 0x00007ff8cc773000 	C:\Java\jdk-11\bin\nio.dll
0x00007ff8cc590000 - 0x00007ff8cc5aa000 	C:\Program Files\JetBrains\IntelliJ IDEA Community Edition 2021.1.3\bin\breakgen64.dll
0x00007ff8d3960000 - 0x00007ff8d3969000 	C:\Java\jdk-11\bin\management.dll
0x00007ff8d38e0000 - 0x00007ff8d38ec000 	C:\Java\jdk-11\bin\management_ext.dll
0x00007ff8e0490000 - 0x00007ff8e04a7000 	C:\WINDOWS\system32\napinsp.dll
0x00007ff8e0470000 - 0x00007ff8e048b000 	C:\WINDOWS\system32\pnrpnsp.dll
0x00007ff8df910000 - 0x00007ff8df925000 	C:\WINDOWS\system32\wshbth.dll
0x00007ff8de970000 - 0x00007ff8de98d000 	C:\WINDOWS\system32\NLAapi.dll
0x00007ff8e3f90000 - 0x00007ff8e3fcb000 	C:\WINDOWS\SYSTEM32\IPHLPAPI.DLL
0x00007ff8e3fd0000 - 0x00007ff8e409c000 	C:\WINDOWS\SYSTEM32\DNSAPI.dll
0x00007ff8e5bb0000 - 0x00007ff8e5bb8000 	C:\WINDOWS\System32\NSI.dll
0x00007ff8e0450000 - 0x00007ff8e0462000 	C:\WINDOWS\System32\winrnr.dll
0x00007ff8dd3e0000 - 0x00007ff8dd3ea000 	C:\Windows\System32\rasadhlp.dll
0x00007ff8dd200000 - 0x00007ff8dd27f000 	C:\WINDOWS\System32\fwpuclnt.dll
0x00007ff8e4cc0000 - 0x00007ff8e4ce7000 	C:\WINDOWS\System32\bcrypt.dll
0x00007ff8e4430000 - 0x00007ff8e4448000 	C:\WINDOWS\SYSTEM32\CRYPTSP.dll
0x00007ff8e3c30000 - 0x00007ff8e3c64000 	C:\WINDOWS\system32\rsaenh.dll
0x00007ff8e4a90000 - 0x00007ff8e4abe000 	C:\WINDOWS\SYSTEM32\USERENV.dll
0x00007ff8e4420000 - 0x00007ff8e442c000 	C:\WINDOWS\SYSTEM32\CRYPTBASE.dll
0x00007ff8dec90000 - 0x00007ff8deca7000 	C:\WINDOWS\SYSTEM32\dhcpcsvc6.DLL
0x00007ff8dec70000 - 0x00007ff8dec8d000 	C:\WINDOWS\SYSTEM32\dhcpcsvc.DLL
0x00007ff8cd0a0000 - 0x00007ff8cd0ad000 	C:\Java\jdk-11\bin\sunmscapi.dll
0x00007ff8e5310000 - 0x00007ff8e546f000 	C:\WINDOWS\System32\CRYPT32.dll
0x00007ff8e4640000 - 0x00007ff8e4667000 	C:\WINDOWS\SYSTEM32\ncrypt.dll
0x00007ff8e4600000 - 0x00007ff8e463b000 	C:\WINDOWS\SYSTEM32\NTASN1.dll
0x00007ff8cc530000 - 0x00007ff8cc557000 	C:\Java\jdk-11\bin\sunec.dll

dbghelp: loaded successfully - version: 4.0.5 - missing functions: none
symbol engine: initialized successfully - sym options: 0x614 - pdb path: .;C:\Java\jdk-11\bin;C:\WINDOWS\SYSTEM32;C:\WINDOWS\WinSxS\amd64_microsoft.windows.common-controls_6595b64144ccf1df_6.0.19041.1083_none_60bbe31371f34e71;C:\Java\jdk-11\bin\server;C:\Program Files\JetBrains\IntelliJ IDEA Community Edition 2021.1.3\bin

VM Arguments:
jvm_args: -javaagent:C:\Program Files\JetBrains\IntelliJ IDEA Community Edition 2021.1.3\lib\idea_rt.jar=62057:C:\Program Files\JetBrains\IntelliJ IDEA Community Edition 2021.1.3\bin -Dfile.encoding=UTF-8 
java_command: br.com.correntedobembackend.correntedobembackend.CorrenteDoBemBackendApplication
java_class_path (initial): C:\Java\corrente_do_bem_backend\target\classes;C:\Users\gabir\.m2\repository\org\springframework\boot\spring-boot-starter-security\2.5.2\spring-boot-starter-security-2.5.2.jar;C:\Users\gabir\.m2\repository\org\springframework\boot\spring-boot-starter\2.5.2\spring-boot-starter-2.5.2.jar;C:\Users\gabir\.m2\repository\org\springframework\boot\spring-boot-starter-logging\2.5.2\spring-boot-starter-logging-2.5.2.jar;C:\Users\gabir\.m2\repository\ch\qos\logback\logback-classic\1.2.3\logback-classic-1.2.3.jar;C:\Users\gabir\.m2\repository\ch\qos\logback\logback-core\1.2.3\logback-core-1.2.3.jar;C:\Users\gabir\.m2\repository\org\apache\logging\log4j\log4j-to-slf4j\2.14.1\log4j-to-slf4j-2.14.1.jar;C:\Users\gabir\.m2\repository\org\apache\logging\log4j\log4j-api\2.14.1\log4j-api-2.14.1.jar;C:\Users\gabir\.m2\repository\org\slf4j\jul-to-slf4j\1.7.31\jul-to-slf4j-1.7.31.jar;C:\Users\gabir\.m2\repository\jakarta\annotation\jakarta.annotation-api\1.3.5\jakarta.annotation-api-1.3.5.jar;C:\Users\gabir\.m2\repository\org\yaml\snakeyaml\1.28\snakeyaml-1.28.jar;C:\Users\gabir\.m2\repository\org\springframework\spring-aop\5.3.8\spring-aop-5.3.8.jar;C:\Users\gabir\.m2\repository\org\springframework\spring-beans\5.3.8\spring-beans-5.3.8.jar;C:\Users\gabir\.m2\repository\org\springframework\security\spring-security-config\5.5.1\spring-security-config-5.5.1.jar;C:\Users\gabir\.m2\repository\org\springframework\spring-context\5.3.8\spring-context-5.3.8.jar;C:\Users\gabir\.m2\repository\org\springframework\security\spring-security-web\5.5.1\spring-security-web-5.5.1.jar;C:\Users\gabir\.m2\repository\org\springframework\spring-expression\5.3.8\spring-expression-5.3.8.jar;C:\Users\gabir\.m2\repository\org\springframework\boot\spring-boot-starter-web\2.5.2\spring-boot-starter-web-2.5.2.jar;C:\Users\gabir\.m2\repository\org\springframework\boot\spring-boot-starter-json\2.5.2\spring-boot-starter-json-2.5.2.jar;C:\Users\gabir\.m2\repository\com\fasterxml\jackson\datatyp
Launcher Type: SUN_STANDARD

[Global flags]
     intx CICompilerCount                          = 4                                         {product} {ergonomic}
     uint ConcGCThreads                            = 2                                         {product} {ergonomic}
     uint G1ConcRefinementThreads                  = 8                                         {product} {ergonomic}
   size_t G1HeapRegionSize                         = 1048576                                   {product} {ergonomic}
    uintx GCDrainStackTargetSize                   = 64                                        {product} {ergonomic}
   size_t InitialHeapSize                          = 167772160                                 {product} {ergonomic}
   size_t MarkStackSize                            = 4194304                                   {product} {ergonomic}
   size_t MaxHeapSize                              = 2669674496                                {product} {ergonomic}
   size_t MaxNewSize                               = 1601175552                                {product} {ergonomic}
   size_t MinHeapDeltaBytes                        = 1048576                                   {product} {ergonomic}
    uintx NonNMethodCodeHeapSize                   = 5835340                                {pd product} {ergonomic}
    uintx NonProfiledCodeHeapSize                  = 122911450                              {pd product} {ergonomic}
    uintx ProfiledCodeHeapSize                     = 122911450                              {pd product} {ergonomic}
    uintx ReservedCodeCacheSize                    = 251658240                              {pd product} {ergonomic}
     bool SegmentedCodeCache                       = true                                      {product} {ergonomic}
     bool UseCompressedClassPointers               = true                                 {lp64_product} {ergonomic}
     bool UseCompressedOops                        = true                                 {lp64_product} {ergonomic}
     bool UseG1GC                                  = true                                      {product} {ergonomic}
     bool UseLargePagesIndividualAllocation        = false                                  {pd product} {ergonomic}

Logging:
Log output configuration:
 #0: stdout all=warning uptime,level,tags
 #1: stderr all=off uptime,level,tags

Environment Variables:
JAVA_HOME=C:\Java\jdk-11
PATH=C:\Java\jdk-11\bin;C:\WINDOWS\system32;C:\WINDOWS;C:\WINDOWS\System32\Wbem;C:\WINDOWS\System32\WindowsPowerShell\v1.0\;C:\WINDOWS\System32\OpenSSH\;C:\Program Files\Git\cmd;C:\Program Files\nodejs\;C:\apache-maven-3.8.1-bin\apache-maven-3.8.1\bin;C:\Program Files\Docker\Docker\resources\bin;C:\ProgramData\DockerDesktop\version-bin;C:\Program Files\MySQL\MySQL Server 8.0\bin;C:\Program Files\PuTTY\;C:\Users\gabir\AppData\Local\Microsoft\WindowsApps;C:\Users\gabir\AppData\Local\Programs\Microsoft VS Code\bin;C:\Program Files\JetBrains\IntelliJ IDEA Community Edition 2021.1.3\bin;;C:\Users\gabir\AppData\Local\GitHubDesktop\bin;C:\Users\gabir\AppData\Roaming\npm;C:\Program Files\MySQL\MySQL Server 8.0\bin;
USERNAME=gabir
OS=Windows_NT
PROCESSOR_IDENTIFIER=AMD64 Family 23 Model 24 Stepping 1, AuthenticAMD



---------------  S Y S T E M  ---------------

OS: Windows 10 , 64 bit Build 19041 (10.0.19041.1023)

CPU:total 8 (initial active 8) (8 cores per cpu, 2 threads per core) family 23 model 24 stepping 1, cmov, cx8, fxsr, mmx, sse, sse2, sse3, ssse3, sse4.1, sse4.2, popcnt, avx, avx2, aes, clmul, mmxext, 3dnowpref, lzcnt, sse4a, ht, tsc, tscinvbit, tscinv, bmi1, bmi2, adx, sha, fma

Memory: 4k page, system-wide physical 10178M (470M free)
TotalPageFile size 17178M (AvailPageFile size 0M)
current process WorkingSet (physical memory assigned to process): 324M, peak: 381M
current process commit charge ("private bytes"): 405M, peak: 462M

vm_info: OpenJDK 64-Bit Server VM (11+28) for windows-amd64 JRE (11+28), built on Aug 23 2018 03:04:58 by "mach5one" with MS VC++ 15.5 (VS2017)

END.
