#
# There is insufficient memory for the Java Runtime Environment to continue.
# Native memory allocation (malloc) failed to allocate 1081616 bytes for Chunk::new
# Possible reasons:
#   The system is out of physical RAM or swap space
#   The process is running with CompressedOops enabled, and the Java Heap may be blocking the growth of the native heap
# Possible solutions:
#   Reduce memory load on the system
#   Increase physical memory or swap space
#   Check if swap backing store is full
#   Decrease Java heap size (-Xmx/-Xms)
#   Decrease number of Java threads
#   Decrease Java thread stack sizes (-Xss)
#   Set larger code cache with -XX:ReservedCodeCacheSize=
#   JVM is running with Zero Based Compressed Oops mode in which the Java heap is
#     placed in the first 32GB address space. The Java Heap base address is the
#     maximum limit for the native heap growth. Please use -XX:HeapBaseMinAddress
#     to set the Java Heap base and to place the Java Heap above 32GB virtual address.
# This output file may be truncated or incomplete.
#
#  Out of Memory Error (t:/workspace/open/src/hotspot/share/memory/arena.cpp:197), pid=4136, tid=13176
#
# JRE version: OpenJDK Runtime Environment (11.0+28) (build 11+28)
# Java VM: OpenJDK 64-Bit Server VM (11+28, mixed mode, tiered, compressed oops, g1 gc, windows-amd64)
# No core dump will be written. Minidumps are not enabled by default on client versions of Windows
#

---------------  S U M M A R Y ------------

Command Line: -javaagent:C:\Program Files\JetBrains\IntelliJ IDEA Community Edition 2021.1.3\lib\idea_rt.jar=52272:C:\Program Files\JetBrains\IntelliJ IDEA Community Edition 2021.1.3\bin -Dfile.encoding=UTF-8 br.com.correntedobembackend.correntedobembackend.CorrenteDoBemBackendApplication

Host: AMD Ryzen 5 3500U with Radeon Vega Mobile Gfx  , 8 cores, 9G,  Windows 10 , 64 bit Build 19041 (10.0.19041.1023)
Time: Wed Jul 28 16:31:12 2021 Hora Padrão da Bahia elapsed time: 60 seconds (0d 0h 1m 0s)

---------------  T H R E A D  ---------------

Current thread (0x00000128b8364800):  JavaThread "C2 CompilerThread1" daemon [_thread_in_native, id=13176, stack(0x00000005c6d00000,0x00000005c6e00000)]


Current CompileTask:
C2:  60833 5787   !   4       org.springframework.core.annotation.AnnotationsScanner::processClassHierarchy (227 bytes)

Stack: [0x00000005c6d00000,0x00000005c6e00000]
Native frames: (J=compiled Java code, j=interpreted, Vv=VM code, C=native code)
V  [jvm.dll+0x63adaa]
V  [jvm.dll+0x77852f]
V  [jvm.dll+0x779b18]
V  [jvm.dll+0x77a1d3]
V  [jvm.dll+0x2624c8]
V  [jvm.dll+0xc5b61]
V  [jvm.dll+0xc60fc]
V  [jvm.dll+0x36e6d7]
V  [jvm.dll+0x1ad519]
V  [jvm.dll+0x21c472]
V  [jvm.dll+0x21b50a]
V  [jvm.dll+0x198400]
V  [jvm.dll+0x22a4ff]
V  [jvm.dll+0x228b18]
V  [jvm.dll+0x73dc3d]
V  [jvm.dll+0x639e42]
C  [ucrtbase.dll+0x21bb2]
C  [KERNEL32.DLL+0x17034]
C  [ntdll.dll+0x52651]


---------------  P R O C E S S  ---------------

Threads class SMR info:
_java_thread_list=0x00000128b7d5d110, length=19, elements={
0x0000012895ad0000, 0x00000128b6a10800, 0x00000128b6a19800, 0x00000128b6a72800,
0x00000128b6a73000, 0x00000128b6a76000, 0x00000128b6a2b800, 0x00000128b6a2e000,
0x00000128b6be4000, 0x00000128b6e0c800, 0x00000128b6e0d000, 0x00000128b749d000,
0x00000128b7628800, 0x00000128bd123800, 0x00000128bca2f000, 0x00000128ba7a9800,
0x00000128b846b000, 0x00000128b840e800, 0x00000128b8364800
}

Java Threads: ( => current thread )
  0x0000012895ad0000 JavaThread "main" [_thread_blocked, id=16920, stack(0x00000005c7000000,0x00000005c7100000)]
  0x00000128b6a10800 JavaThread "Reference Handler" daemon [_thread_blocked, id=14048, stack(0x00000005c7700000,0x00000005c7800000)]
  0x00000128b6a19800 JavaThread "Finalizer" daemon [_thread_blocked, id=11504, stack(0x00000005c7800000,0x00000005c7900000)]
  0x00000128b6a72800 JavaThread "Signal Dispatcher" daemon [_thread_blocked, id=19288, stack(0x00000005c7900000,0x00000005c7a00000)]
  0x00000128b6a73000 JavaThread "Attach Listener" daemon [_thread_blocked, id=10916, stack(0x00000005c7a00000,0x00000005c7b00000)]
  0x00000128b6a76000 JavaThread "C2 CompilerThread0" daemon [_thread_blocked, id=19084, stack(0x00000005c7b00000,0x00000005c7c00000)]
  0x00000128b6a2b800 JavaThread "C1 CompilerThread0" daemon [_thread_blocked, id=6200, stack(0x00000005c7c00000,0x00000005c7d00000)]
  0x00000128b6a2e000 JavaThread "Sweeper thread" daemon [_thread_blocked, id=9532, stack(0x00000005c7d00000,0x00000005c7e00000)]
  0x00000128b6be4000 JavaThread "Common-Cleaner" daemon [_thread_blocked, id=9236, stack(0x00000005c7e00000,0x00000005c7f00000)]
  0x00000128b6e0c800 JavaThread "Monitor Ctrl-Break" daemon [_thread_in_native, id=10984, stack(0x00000005c8000000,0x00000005c8100000)]
  0x00000128b6e0d000 JavaThread "Service Thread" daemon [_thread_blocked, id=18084, stack(0x00000005c8100000,0x00000005c8200000)]
  0x00000128b749d000 JavaThread "Thread-0" [_thread_blocked, id=7548, stack(0x00000005c8400000,0x00000005c8500000)]
  0x00000128b7628800 JavaThread "restartedMain" [_thread_in_native, id=1844, stack(0x00000005c8500000,0x00000005c8600000)]
  0x00000128bd123800 JavaThread "mysql-cj-abandoned-connection-cleanup" daemon [_thread_blocked, id=6208, stack(0x00000005c8e00000,0x00000005c8f00000)]
  0x00000128bca2f000 JavaThread "HikariPool-1 housekeeper" daemon [_thread_blocked, id=16932, stack(0x00000005c8600000,0x00000005c8700000)]
  0x00000128ba7a9800 JavaThread "Catalina-utility-1" [_thread_blocked, id=224, stack(0x00000005c9200000,0x00000005c9300000)]
  0x00000128b846b000 JavaThread "Catalina-utility-2" [_thread_blocked, id=14200, stack(0x00000005c9300000,0x00000005c9400000)]
  0x00000128b840e800 JavaThread "container-0" [_thread_blocked, id=3756, stack(0x00000005c8700000,0x00000005c8800000)]
=>0x00000128b8364800 JavaThread "C2 CompilerThread1" daemon [_thread_in_native, id=13176, stack(0x00000005c6d00000,0x00000005c6e00000)]

Other Threads:
  0x00000128b61e1800 VMThread "VM Thread" [stack: 0x00000005c7600000,0x00000005c7700000] [id=12620]
  0x00000128b6e0e000 WatcherThread [stack: 0x00000005c8200000,0x00000005c8300000] [id=19996]
  0x0000012895ae9000 GCTaskThread "GC Thread#0" [stack: 0x00000005c7100000,0x00000005c7200000] [id=2520]
  0x00000128b76ff000 GCTaskThread "GC Thread#1" [stack: 0x00000005c7f00000,0x00000005c8000000] [id=19816]
  0x00000128b76e3800 GCTaskThread "GC Thread#2" [stack: 0x00000005c8300000,0x00000005c8400000] [id=12452]
  0x00000128b7324800 GCTaskThread "GC Thread#3" [stack: 0x00000005c8800000,0x00000005c8900000] [id=10420]
  0x00000128b7330800 GCTaskThread "GC Thread#4" [stack: 0x00000005c8900000,0x00000005c8a00000] [id=19428]
  0x00000128b7327800 GCTaskThread "GC Thread#5" [stack: 0x00000005c8a00000,0x00000005c8b00000] [id=1312]
  0x00000128b7b0d800 GCTaskThread "GC Thread#6" [stack: 0x00000005c8b00000,0x00000005c8c00000] [id=15000]
  0x00000128b7e64000 GCTaskThread "GC Thread#7" [stack: 0x00000005c8c00000,0x00000005c8d00000] [id=16772]
  0x0000012895b25000 ConcurrentGCThread "G1 Main Marker" [stack: 0x00000005c7200000,0x00000005c7300000] [id=1836]
  0x0000012895b26800 ConcurrentGCThread "G1 Conc#0" [stack: 0x00000005c7300000,0x00000005c7400000] [id=6240]
  0x00000128b76e7800 ConcurrentGCThread "G1 Conc#1" [stack: 0x00000005c8d00000,0x00000005c8e00000] [id=19420]
  0x00000128b604c800 ConcurrentGCThread "G1 Refine#0" [stack: 0x00000005c7400000,0x00000005c7500000] [id=18692]
  0x00000128b604d800 ConcurrentGCThread "G1 Young RemSet Sampling" [stack: 0x00000005c7500000,0x00000005c7600000] [id=17648]

Threads with active compile tasks:
C2 CompilerThread15787   !   4       org.springframework.core.annotation.AnnotationsScanner::processClassHierarchy (227 bytes)

VM state:not at safepoint (normal execution)

VM Mutex/Monitor currently owned by a thread: None

Heap address: 0x0000000760e00000, size: 2546 MB, Compressed Oops mode: Zero based, Oop shift amount: 3
Narrow klass base: 0x0000000800000000, Narrow klass shift: 0
Compressed class space size: 1073741824 Address: 0x0000000800000000

Heap:
 garbage-first heap   total 163840K, used 94349K [0x0000000760e00000, 0x0000000800000000)
  region size 1024K, 79 young (80896K), 8 survivors (8192K)
 Metaspace       used 66817K, capacity 68487K, committed 68608K, reserved 1107968K
  class space    used 8469K, capacity 9130K, committed 9216K, reserved 1048576K
Heap Regions: E=young(eden), S=young(survivor), O=old, HS=humongous(starts), HC=humongous(continues), CS=collection set, F=free, A=archive, TAMS=top-at-mark-start (previous, next)
|   0|0x0000000760e00000, 0x0000000760f00000, 0x0000000760f00000|100%|HS|  |TAMS 0x0000000760f00000, 0x0000000760e00000| Complete 
|   1|0x0000000760f00000, 0x0000000761000000, 0x0000000761000000|100%| O|  |TAMS 0x0000000761000000, 0x0000000760f00000| Untracked 
|   2|0x0000000761000000, 0x0000000761100000, 0x0000000761100000|100%| O|  |TAMS 0x0000000761100000, 0x0000000761000000| Untracked 
|   3|0x0000000761100000, 0x0000000761200000, 0x0000000761200000|100%| O|  |TAMS 0x0000000761200000, 0x0000000761100000| Untracked 
|   4|0x0000000761200000, 0x0000000761300000, 0x0000000761300000|100%| O|  |TAMS 0x0000000761300000, 0x0000000761200000| Untracked 
|   5|0x0000000761300000, 0x0000000761400000, 0x0000000761400000|100%| O|  |TAMS 0x0000000761400000, 0x0000000761300000| Untracked 
|   6|0x0000000761400000, 0x0000000761500000, 0x0000000761500000|100%| O|  |TAMS 0x0000000761500000, 0x0000000761400000| Untracked 
|   7|0x0000000761500000, 0x0000000761600000, 0x0000000761600000|100%| O|  |TAMS 0x0000000761600000, 0x0000000761500000| Untracked 
|   8|0x0000000761600000, 0x0000000761700000, 0x0000000761700000|100%| O|  |TAMS 0x0000000761700000, 0x0000000761600000| Untracked 
|   9|0x0000000761700000, 0x0000000761800000, 0x0000000761800000|100%| O|  |TAMS 0x0000000761800000, 0x0000000761700000| Untracked 
|  10|0x0000000761800000, 0x0000000761900000, 0x0000000761900000|100%| O|  |TAMS 0x0000000761900000, 0x0000000761800000| Untracked 
|  11|0x0000000761900000, 0x0000000761a00000, 0x0000000761a00000|100%| O|  |TAMS 0x0000000761a00000, 0x0000000761900000| Untracked 
|  12|0x0000000761a00000, 0x0000000761b00000, 0x0000000761b00000|100%| O|  |TAMS 0x0000000761b00000, 0x0000000761a00000| Untracked 
|  13|0x0000000761b00000, 0x0000000761c00000, 0x0000000761c00000|100%| O|  |TAMS 0x0000000761c00000, 0x0000000761b00000| Untracked 
|  14|0x0000000761c00000, 0x0000000761c23400, 0x0000000761d00000| 13%| O|  |TAMS 0x0000000761c23400, 0x0000000761c00000| Untracked 
|  15|0x0000000761d00000, 0x0000000761d00000, 0x0000000761e00000|  0%| F|  |TAMS 0x0000000761d00000, 0x0000000761d00000| Untracked 
|  16|0x0000000761e00000, 0x0000000761e00000, 0x0000000761f00000|  0%| F|  |TAMS 0x0000000761e00000, 0x0000000761e00000| Untracked 
|  17|0x0000000761f00000, 0x0000000761f00000, 0x0000000762000000|  0%| F|  |TAMS 0x0000000761f00000, 0x0000000761f00000| Untracked 
|  18|0x0000000762000000, 0x0000000762000000, 0x0000000762100000|  0%| F|  |TAMS 0x0000000762000000, 0x0000000762000000| Untracked 
|  19|0x0000000762100000, 0x0000000762100000, 0x0000000762200000|  0%| F|  |TAMS 0x0000000762100000, 0x0000000762100000| Untracked 
|  20|0x0000000762200000, 0x0000000762200000, 0x0000000762300000|  0%| F|  |TAMS 0x0000000762200000, 0x0000000762200000| Untracked 
|  21|0x0000000762300000, 0x0000000762300000, 0x0000000762400000|  0%| F|  |TAMS 0x0000000762300000, 0x0000000762300000| Untracked 
|  22|0x0000000762400000, 0x0000000762400000, 0x0000000762500000|  0%| F|  |TAMS 0x0000000762400000, 0x0000000762400000| Untracked 
|  23|0x0000000762500000, 0x0000000762500000, 0x0000000762600000|  0%| F|  |TAMS 0x0000000762500000, 0x0000000762500000| Untracked 
|  24|0x0000000762600000, 0x0000000762600000, 0x0000000762700000|  0%| F|  |TAMS 0x0000000762600000, 0x0000000762600000| Untracked 
|  25|0x0000000762700000, 0x0000000762700000, 0x0000000762800000|  0%| F|  |TAMS 0x0000000762700000, 0x0000000762700000| Untracked 
|  26|0x0000000762800000, 0x0000000762800000, 0x0000000762900000|  0%| F|  |TAMS 0x0000000762800000, 0x0000000762800000| Untracked 
|  27|0x0000000762900000, 0x0000000762900000, 0x0000000762a00000|  0%| F|  |TAMS 0x0000000762900000, 0x0000000762900000| Untracked 
|  28|0x0000000762a00000, 0x0000000762a00000, 0x0000000762b00000|  0%| F|  |TAMS 0x0000000762a00000, 0x0000000762a00000| Untracked 
|  29|0x0000000762b00000, 0x0000000762b00000, 0x0000000762c00000|  0%| F|  |TAMS 0x0000000762b00000, 0x0000000762b00000| Untracked 
|  30|0x0000000762c00000, 0x0000000762c00000, 0x0000000762d00000|  0%| F|  |TAMS 0x0000000762c00000, 0x0000000762c00000| Untracked 
|  31|0x0000000762d00000, 0x0000000762d00000, 0x0000000762e00000|  0%| F|  |TAMS 0x0000000762d00000, 0x0000000762d00000| Untracked 
|  32|0x0000000762e00000, 0x0000000762e00000, 0x0000000762f00000|  0%| F|  |TAMS 0x0000000762e00000, 0x0000000762e00000| Untracked 
|  33|0x0000000762f00000, 0x0000000762f00000, 0x0000000763000000|  0%| F|  |TAMS 0x0000000762f00000, 0x0000000762f00000| Untracked 
|  34|0x0000000763000000, 0x0000000763000000, 0x0000000763100000|  0%| F|  |TAMS 0x0000000763000000, 0x0000000763000000| Untracked 
|  35|0x0000000763100000, 0x0000000763100000, 0x0000000763200000|  0%| F|  |TAMS 0x0000000763100000, 0x0000000763100000| Untracked 
|  36|0x0000000763200000, 0x0000000763200000, 0x0000000763300000|  0%| F|  |TAMS 0x0000000763200000, 0x0000000763200000| Untracked 
|  37|0x0000000763300000, 0x0000000763300000, 0x0000000763400000|  0%| F|  |TAMS 0x0000000763300000, 0x0000000763300000| Untracked 
|  38|0x0000000763400000, 0x0000000763400000, 0x0000000763500000|  0%| F|  |TAMS 0x0000000763400000, 0x0000000763400000| Untracked 
|  39|0x0000000763500000, 0x0000000763500000, 0x0000000763600000|  0%| F|  |TAMS 0x0000000763500000, 0x0000000763500000| Untracked 
|  40|0x0000000763600000, 0x0000000763600000, 0x0000000763700000|  0%| F|  |TAMS 0x0000000763600000, 0x0000000763600000| Untracked 
|  41|0x0000000763700000, 0x0000000763700000, 0x0000000763800000|  0%| F|  |TAMS 0x0000000763700000, 0x0000000763700000| Untracked 
|  42|0x0000000763800000, 0x0000000763800000, 0x0000000763900000|  0%| F|  |TAMS 0x0000000763800000, 0x0000000763800000| Untracked 
|  43|0x0000000763900000, 0x0000000763900000, 0x0000000763a00000|  0%| F|  |TAMS 0x0000000763900000, 0x0000000763900000| Untracked 
|  44|0x0000000763a00000, 0x0000000763a00000, 0x0000000763b00000|  0%| F|  |TAMS 0x0000000763a00000, 0x0000000763a00000| Untracked 
|  45|0x0000000763b00000, 0x0000000763b00000, 0x0000000763c00000|  0%| F|  |TAMS 0x0000000763b00000, 0x0000000763b00000| Untracked 
|  46|0x0000000763c00000, 0x0000000763c00000, 0x0000000763d00000|  0%| F|  |TAMS 0x0000000763c00000, 0x0000000763c00000| Untracked 
|  47|0x0000000763d00000, 0x0000000763d00000, 0x0000000763e00000|  0%| F|  |TAMS 0x0000000763d00000, 0x0000000763d00000| Untracked 
|  48|0x0000000763e00000, 0x0000000763e00000, 0x0000000763f00000|  0%| F|  |TAMS 0x0000000763e00000, 0x0000000763e00000| Untracked 
|  49|0x0000000763f00000, 0x0000000763f00000, 0x0000000764000000|  0%| F|  |TAMS 0x0000000763f00000, 0x0000000763f00000| Untracked 
|  50|0x0000000764000000, 0x0000000764000000, 0x0000000764100000|  0%| F|  |TAMS 0x0000000764000000, 0x0000000764000000| Untracked 
|  51|0x0000000764100000, 0x0000000764100000, 0x0000000764200000|  0%| F|  |TAMS 0x0000000764100000, 0x0000000764100000| Untracked 
|  52|0x0000000764200000, 0x0000000764200000, 0x0000000764300000|  0%| F|  |TAMS 0x0000000764200000, 0x0000000764200000| Untracked 
|  53|0x0000000764300000, 0x0000000764300000, 0x0000000764400000|  0%| F|  |TAMS 0x0000000764300000, 0x0000000764300000| Untracked 
|  54|0x0000000764400000, 0x0000000764400000, 0x0000000764500000|  0%| F|  |TAMS 0x0000000764400000, 0x0000000764400000| Untracked 
|  55|0x0000000764500000, 0x0000000764500000, 0x0000000764600000|  0%| F|  |TAMS 0x0000000764500000, 0x0000000764500000| Untracked 
|  56|0x0000000764600000, 0x0000000764600000, 0x0000000764700000|  0%| F|  |TAMS 0x0000000764600000, 0x0000000764600000| Untracked 
|  57|0x0000000764700000, 0x0000000764700000, 0x0000000764800000|  0%| F|  |TAMS 0x0000000764700000, 0x0000000764700000| Untracked 
|  58|0x0000000764800000, 0x0000000764800000, 0x0000000764900000|  0%| F|  |TAMS 0x0000000764800000, 0x0000000764800000| Untracked 
|  59|0x0000000764900000, 0x0000000764900000, 0x0000000764a00000|  0%| F|  |TAMS 0x0000000764900000, 0x0000000764900000| Untracked 
|  60|0x0000000764a00000, 0x0000000764a00000, 0x0000000764b00000|  0%| F|  |TAMS 0x0000000764a00000, 0x0000000764a00000| Untracked 
|  61|0x0000000764b00000, 0x0000000764b00000, 0x0000000764c00000|  0%| F|  |TAMS 0x0000000764b00000, 0x0000000764b00000| Untracked 
|  62|0x0000000764c00000, 0x0000000764c00000, 0x0000000764d00000|  0%| F|  |TAMS 0x0000000764c00000, 0x0000000764c00000| Untracked 
|  63|0x0000000764d00000, 0x0000000764d00000, 0x0000000764e00000|  0%| F|  |TAMS 0x0000000764d00000, 0x0000000764d00000| Untracked 
|  64|0x0000000764e00000, 0x0000000764e00000, 0x0000000764f00000|  0%| F|  |TAMS 0x0000000764e00000, 0x0000000764e00000| Untracked 
|  65|0x0000000764f00000, 0x0000000764f00000, 0x0000000765000000|  0%| F|  |TAMS 0x0000000764f00000, 0x0000000764f00000| Untracked 
|  66|0x0000000765000000, 0x0000000765000000, 0x0000000765100000|  0%| F|  |TAMS 0x0000000765000000, 0x0000000765000000| Untracked 
|  67|0x0000000765100000, 0x0000000765100000, 0x0000000765200000|  0%| F|  |TAMS 0x0000000765100000, 0x0000000765100000| Untracked 
|  68|0x0000000765200000, 0x0000000765200000, 0x0000000765300000|  0%| F|  |TAMS 0x0000000765200000, 0x0000000765200000| Untracked 
|  69|0x0000000765300000, 0x0000000765300000, 0x0000000765400000|  0%| F|  |TAMS 0x0000000765300000, 0x0000000765300000| Untracked 
|  70|0x0000000765400000, 0x0000000765400000, 0x0000000765500000|  0%| F|  |TAMS 0x0000000765400000, 0x0000000765400000| Untracked 
|  71|0x0000000765500000, 0x0000000765500000, 0x0000000765600000|  0%| F|  |TAMS 0x0000000765500000, 0x0000000765500000| Untracked 
|  72|0x0000000765600000, 0x0000000765600000, 0x0000000765700000|  0%| F|  |TAMS 0x0000000765600000, 0x0000000765600000| Untracked 
|  73|0x0000000765700000, 0x0000000765700000, 0x0000000765800000|  0%| F|  |TAMS 0x0000000765700000, 0x0000000765700000| Untracked 
|  74|0x0000000765800000, 0x0000000765800000, 0x0000000765900000|  0%| F|  |TAMS 0x0000000765800000, 0x0000000765800000| Untracked 
|  75|0x0000000765900000, 0x0000000765900000, 0x0000000765a00000|  0%| F|  |TAMS 0x0000000765900000, 0x0000000765900000| Untracked 
|  76|0x0000000765a00000, 0x0000000765a00000, 0x0000000765b00000|  0%| F|  |TAMS 0x0000000765a00000, 0x0000000765a00000| Untracked 
|  77|0x0000000765b00000, 0x0000000765b00000, 0x0000000765c00000|  0%| F|  |TAMS 0x0000000765b00000, 0x0000000765b00000| Untracked 
|  78|0x0000000765c00000, 0x0000000765c00000, 0x0000000765d00000|  0%| F|  |TAMS 0x0000000765c00000, 0x0000000765c00000| Untracked 
|  79|0x0000000765d00000, 0x0000000765d00000, 0x0000000765e00000|  0%| F|  |TAMS 0x0000000765d00000, 0x0000000765d00000| Untracked 
|  80|0x0000000765e00000, 0x0000000765e00000, 0x0000000765f00000|  0%| F|  |TAMS 0x0000000765e00000, 0x0000000765e00000| Untracked 
|  81|0x0000000765f00000, 0x0000000766000000, 0x0000000766000000|100%| E|  |TAMS 0x0000000765f00000, 0x0000000765f00000| Complete 
|  82|0x0000000766000000, 0x0000000766100000, 0x0000000766100000|100%| E|CS|TAMS 0x0000000766000000, 0x0000000766000000| Complete 
|  83|0x0000000766100000, 0x0000000766200000, 0x0000000766200000|100%| E|CS|TAMS 0x0000000766100000, 0x0000000766100000| Complete 
|  84|0x0000000766200000, 0x0000000766300000, 0x0000000766300000|100%| E|CS|TAMS 0x0000000766200000, 0x0000000766200000| Complete 
|  85|0x0000000766300000, 0x0000000766400000, 0x0000000766400000|100%| E|CS|TAMS 0x0000000766300000, 0x0000000766300000| Complete 
|  86|0x0000000766400000, 0x0000000766500000, 0x0000000766500000|100%| E|CS|TAMS 0x0000000766400000, 0x0000000766400000| Complete 
|  87|0x0000000766500000, 0x0000000766600000, 0x0000000766600000|100%| E|CS|TAMS 0x0000000766500000, 0x0000000766500000| Complete 
|  88|0x0000000766600000, 0x0000000766700000, 0x0000000766700000|100%| E|CS|TAMS 0x0000000766600000, 0x0000000766600000| Complete 
|  89|0x0000000766700000, 0x0000000766800000, 0x0000000766800000|100%| E|CS|TAMS 0x0000000766700000, 0x0000000766700000| Complete 
|  90|0x0000000766800000, 0x0000000766900000, 0x0000000766900000|100%| E|CS|TAMS 0x0000000766800000, 0x0000000766800000| Complete 
|  91|0x0000000766900000, 0x0000000766a00000, 0x0000000766a00000|100%| E|CS|TAMS 0x0000000766900000, 0x0000000766900000| Complete 
|  92|0x0000000766a00000, 0x0000000766b00000, 0x0000000766b00000|100%| E|CS|TAMS 0x0000000766a00000, 0x0000000766a00000| Complete 
|  93|0x0000000766b00000, 0x0000000766c00000, 0x0000000766c00000|100%| E|CS|TAMS 0x0000000766b00000, 0x0000000766b00000| Complete 
|  94|0x0000000766c00000, 0x0000000766d00000, 0x0000000766d00000|100%| S|CS|TAMS 0x0000000766c00000, 0x0000000766c00000| Complete 
|  95|0x0000000766d00000, 0x0000000766e00000, 0x0000000766e00000|100%| S|CS|TAMS 0x0000000766d00000, 0x0000000766d00000| Complete 
|  96|0x0000000766e00000, 0x0000000766f00000, 0x0000000766f00000|100%| S|CS|TAMS 0x0000000766e00000, 0x0000000766e00000| Complete 
|  97|0x0000000766f00000, 0x0000000767000000, 0x0000000767000000|100%| S|CS|TAMS 0x0000000766f00000, 0x0000000766f00000| Complete 
|  98|0x0000000767000000, 0x0000000767100000, 0x0000000767100000|100%| S|CS|TAMS 0x0000000767000000, 0x0000000767000000| Complete 
|  99|0x0000000767100000, 0x0000000767200000, 0x0000000767200000|100%| S|CS|TAMS 0x0000000767100000, 0x0000000767100000| Complete 
| 100|0x0000000767200000, 0x0000000767300000, 0x0000000767300000|100%| S|CS|TAMS 0x0000000767200000, 0x0000000767200000| Complete 
| 101|0x0000000767300000, 0x0000000767400000, 0x0000000767400000|100%| S|CS|TAMS 0x0000000767300000, 0x0000000767300000| Complete 
| 102|0x0000000767400000, 0x0000000767500000, 0x0000000767500000|100%| E|CS|TAMS 0x0000000767400000, 0x0000000767400000| Complete 
| 103|0x0000000767500000, 0x0000000767600000, 0x0000000767600000|100%| E|CS|TAMS 0x0000000767500000, 0x0000000767500000| Complete 
| 104|0x0000000767600000, 0x0000000767700000, 0x0000000767700000|100%| E|CS|TAMS 0x0000000767600000, 0x0000000767600000| Complete 
| 105|0x0000000767700000, 0x0000000767800000, 0x0000000767800000|100%| E|CS|TAMS 0x0000000767700000, 0x0000000767700000| Complete 
| 106|0x0000000767800000, 0x0000000767900000, 0x0000000767900000|100%| E|CS|TAMS 0x0000000767800000, 0x0000000767800000| Complete 
| 107|0x0000000767900000, 0x0000000767a00000, 0x0000000767a00000|100%| E|CS|TAMS 0x0000000767900000, 0x0000000767900000| Complete 
| 108|0x0000000767a00000, 0x0000000767b00000, 0x0000000767b00000|100%| E|CS|TAMS 0x0000000767a00000, 0x0000000767a00000| Complete 
| 109|0x0000000767b00000, 0x0000000767c00000, 0x0000000767c00000|100%| E|CS|TAMS 0x0000000767b00000, 0x0000000767b00000| Complete 
| 110|0x0000000767c00000, 0x0000000767d00000, 0x0000000767d00000|100%| E|CS|TAMS 0x0000000767c00000, 0x0000000767c00000| Complete 
| 111|0x0000000767d00000, 0x0000000767e00000, 0x0000000767e00000|100%| E|CS|TAMS 0x0000000767d00000, 0x0000000767d00000| Complete 
| 112|0x0000000767e00000, 0x0000000767f00000, 0x0000000767f00000|100%| E|CS|TAMS 0x0000000767e00000, 0x0000000767e00000| Complete 
| 113|0x0000000767f00000, 0x0000000768000000, 0x0000000768000000|100%| E|CS|TAMS 0x0000000767f00000, 0x0000000767f00000| Complete 
| 114|0x0000000768000000, 0x0000000768100000, 0x0000000768100000|100%| E|CS|TAMS 0x0000000768000000, 0x0000000768000000| Complete 
| 115|0x0000000768100000, 0x0000000768200000, 0x0000000768200000|100%| E|CS|TAMS 0x0000000768100000, 0x0000000768100000| Complete 
| 116|0x0000000768200000, 0x0000000768300000, 0x0000000768300000|100%| E|CS|TAMS 0x0000000768200000, 0x0000000768200000| Complete 
| 117|0x0000000768300000, 0x0000000768400000, 0x0000000768400000|100%| E|CS|TAMS 0x0000000768300000, 0x0000000768300000| Complete 
| 118|0x0000000768400000, 0x0000000768500000, 0x0000000768500000|100%| E|CS|TAMS 0x0000000768400000, 0x0000000768400000| Complete 
| 119|0x0000000768500000, 0x0000000768600000, 0x0000000768600000|100%| E|CS|TAMS 0x0000000768500000, 0x0000000768500000| Complete 
| 120|0x0000000768600000, 0x0000000768700000, 0x0000000768700000|100%| E|CS|TAMS 0x0000000768600000, 0x0000000768600000| Complete 
| 121|0x0000000768700000, 0x0000000768800000, 0x0000000768800000|100%| E|CS|TAMS 0x0000000768700000, 0x0000000768700000| Complete 
| 122|0x0000000768800000, 0x0000000768900000, 0x0000000768900000|100%| E|CS|TAMS 0x0000000768800000, 0x0000000768800000| Complete 
| 123|0x0000000768900000, 0x0000000768a00000, 0x0000000768a00000|100%| E|CS|TAMS 0x0000000768900000, 0x0000000768900000| Complete 
| 124|0x0000000768a00000, 0x0000000768b00000, 0x0000000768b00000|100%| E|CS|TAMS 0x0000000768a00000, 0x0000000768a00000| Complete 
| 125|0x0000000768b00000, 0x0000000768c00000, 0x0000000768c00000|100%| E|CS|TAMS 0x0000000768b00000, 0x0000000768b00000| Complete 
| 126|0x0000000768c00000, 0x0000000768d00000, 0x0000000768d00000|100%| E|CS|TAMS 0x0000000768c00000, 0x0000000768c00000| Complete 
| 127|0x0000000768d00000, 0x0000000768e00000, 0x0000000768e00000|100%| E|CS|TAMS 0x0000000768d00000, 0x0000000768d00000| Complete 
| 128|0x0000000768e00000, 0x0000000768f00000, 0x0000000768f00000|100%| E|CS|TAMS 0x0000000768e00000, 0x0000000768e00000| Complete 
| 129|0x0000000768f00000, 0x0000000769000000, 0x0000000769000000|100%| E|CS|TAMS 0x0000000768f00000, 0x0000000768f00000| Complete 
| 130|0x0000000769000000, 0x0000000769100000, 0x0000000769100000|100%| E|CS|TAMS 0x0000000769000000, 0x0000000769000000| Complete 
| 131|0x0000000769100000, 0x0000000769200000, 0x0000000769200000|100%| E|CS|TAMS 0x0000000769100000, 0x0000000769100000| Complete 
| 132|0x0000000769200000, 0x0000000769300000, 0x0000000769300000|100%| E|CS|TAMS 0x0000000769200000, 0x0000000769200000| Complete 
| 133|0x0000000769300000, 0x0000000769400000, 0x0000000769400000|100%| E|CS|TAMS 0x0000000769300000, 0x0000000769300000| Complete 
| 134|0x0000000769400000, 0x0000000769500000, 0x0000000769500000|100%| E|CS|TAMS 0x0000000769400000, 0x0000000769400000| Complete 
| 135|0x0000000769500000, 0x0000000769600000, 0x0000000769600000|100%| E|CS|TAMS 0x0000000769500000, 0x0000000769500000| Complete 
| 136|0x0000000769600000, 0x0000000769700000, 0x0000000769700000|100%| E|CS|TAMS 0x0000000769600000, 0x0000000769600000| Complete 
| 137|0x0000000769700000, 0x0000000769800000, 0x0000000769800000|100%| E|CS|TAMS 0x0000000769700000, 0x0000000769700000| Complete 
| 138|0x0000000769800000, 0x0000000769900000, 0x0000000769900000|100%| E|CS|TAMS 0x0000000769800000, 0x0000000769800000| Complete 
| 139|0x0000000769900000, 0x0000000769a00000, 0x0000000769a00000|100%| E|CS|TAMS 0x0000000769900000, 0x0000000769900000| Complete 
| 140|0x0000000769a00000, 0x0000000769b00000, 0x0000000769b00000|100%| E|CS|TAMS 0x0000000769a00000, 0x0000000769a00000| Complete 
| 141|0x0000000769b00000, 0x0000000769c00000, 0x0000000769c00000|100%| E|CS|TAMS 0x0000000769b00000, 0x0000000769b00000| Complete 
| 142|0x0000000769c00000, 0x0000000769d00000, 0x0000000769d00000|100%| E|CS|TAMS 0x0000000769c00000, 0x0000000769c00000| Complete 
| 143|0x0000000769d00000, 0x0000000769e00000, 0x0000000769e00000|100%| E|CS|TAMS 0x0000000769d00000, 0x0000000769d00000| Complete 
| 144|0x0000000769e00000, 0x0000000769f00000, 0x0000000769f00000|100%| E|CS|TAMS 0x0000000769e00000, 0x0000000769e00000| Complete 
| 145|0x0000000769f00000, 0x000000076a000000, 0x000000076a000000|100%| E|CS|TAMS 0x0000000769f00000, 0x0000000769f00000| Complete 
| 146|0x000000076a000000, 0x000000076a100000, 0x000000076a100000|100%| E|CS|TAMS 0x000000076a000000, 0x000000076a000000| Complete 
| 147|0x000000076a100000, 0x000000076a200000, 0x000000076a200000|100%| E|CS|TAMS 0x000000076a100000, 0x000000076a100000| Complete 
| 148|0x000000076a200000, 0x000000076a300000, 0x000000076a300000|100%| E|CS|TAMS 0x000000076a200000, 0x000000076a200000| Complete 
| 149|0x000000076a300000, 0x000000076a400000, 0x000000076a400000|100%| E|CS|TAMS 0x000000076a300000, 0x000000076a300000| Complete 
| 150|0x000000076a400000, 0x000000076a500000, 0x000000076a500000|100%| E|CS|TAMS 0x000000076a400000, 0x000000076a400000| Complete 
| 151|0x000000076a500000, 0x000000076a600000, 0x000000076a600000|100%| E|CS|TAMS 0x000000076a500000, 0x000000076a500000| Complete 
| 152|0x000000076a600000, 0x000000076a700000, 0x000000076a700000|100%| E|CS|TAMS 0x000000076a600000, 0x000000076a600000| Complete 
| 153|0x000000076a700000, 0x000000076a800000, 0x000000076a800000|100%| E|CS|TAMS 0x000000076a700000, 0x000000076a700000| Complete 
| 154|0x000000076a800000, 0x000000076a900000, 0x000000076a900000|100%| E|CS|TAMS 0x000000076a800000, 0x000000076a800000| Complete 
| 155|0x000000076a900000, 0x000000076aa00000, 0x000000076aa00000|100%| E|CS|TAMS 0x000000076a900000, 0x000000076a900000| Complete 
| 156|0x000000076aa00000, 0x000000076ab00000, 0x000000076ab00000|100%| E|CS|TAMS 0x000000076aa00000, 0x000000076aa00000| Complete 
| 157|0x000000076ab00000, 0x000000076ac00000, 0x000000076ac00000|100%| E|CS|TAMS 0x000000076ab00000, 0x000000076ab00000| Complete 
| 158|0x000000076ac00000, 0x000000076ad00000, 0x000000076ad00000|100%| E|CS|TAMS 0x000000076ac00000, 0x000000076ac00000| Complete 
| 159|0x000000076ad00000, 0x000000076ae00000, 0x000000076ae00000|100%| E|CS|TAMS 0x000000076ad00000, 0x000000076ad00000| Complete 

Card table byte_map: [0x00000128add40000,0x00000128ae240000] _byte_map_base: 0x00000128aa239000

Marking Bits (Prev, Next): (CMBitMap*) 0x0000012895b1a3d0, (CMBitMap*) 0x0000012895b1a398
 Prev Bits: [0x00000128b0f10000, 0x00000128b36d8000)
 Next Bits: [0x00000128ae740000, 0x00000128b0f08000)

Polling page: 0x0000012895a50000

Metaspace:

Usage:
  Non-class:     57.97 MB capacity,    56.98 MB ( 98%) used,   787.52 KB (  1%) free+waste,   217.63 KB ( <1%) overhead. 
      Class:      8.92 MB capacity,     8.27 MB ( 93%) used,   557.20 KB (  6%) free+waste,   102.00 KB (  1%) overhead. 
       Both:     66.88 MB capacity,    65.26 MB ( 98%) used,     1.31 MB (  2%) free+waste,   319.63 KB ( <1%) overhead. 

Virtual space:
  Non-class space:       58.00 MB reserved,      58.00 MB (100%) committed 
      Class space:        1.00 GB reserved,       9.00 MB ( <1%) committed 
             Both:        1.06 GB reserved,      67.00 MB (  6%) committed 

Chunk freelists:
   Non-Class:  4.38 KB
       Class:  0 bytes
        Both:  4.38 KB

CodeHeap 'non-profiled nmethods': size=120000Kb used=4272Kb max_used=4272Kb free=115727Kb
 bounds [0x00000128a58b0000, 0x00000128a5ce0000, 0x00000128acde0000]
CodeHeap 'profiled nmethods': size=120000Kb used=13931Kb max_used=13931Kb free=106068Kb
 bounds [0x000001289e380000, 0x000001289f120000, 0x00000128a58b0000]
CodeHeap 'non-nmethods': size=5760Kb used=1239Kb max_used=1295Kb free=4520Kb
 bounds [0x000001289dde0000, 0x000001289e050000, 0x000001289e380000]
 total_blobs=7900 nmethods=5793 adapters=507
 compilation: enabled
              stopped_count=0, restarted_count=0
 full_count=0

Compilation events (10 events):
Event: 60.640 Thread 0x00000128b6a2b800 5800       3       org.springframework.asm.MethodVisitor::visitLineNumber (17 bytes)
Event: 60.640 Thread 0x00000128b6a2b800 nmethod 5800 0x000001289f0e9c90 code [0x000001289f0e9e60, 0x000001289f0ea0d0]
Event: 60.641 Thread 0x00000128b6a2b800 5793       3       sun.nio.fs.WindowsPath::normalize (5 bytes)
Event: 60.641 Thread 0x00000128b6a2b800 nmethod 5793 0x000001289f0ea190 code [0x000001289f0ea340, 0x000001289f0ea570]
Event: 60.641 Thread 0x00000128b6a2b800 5801       3       org.springframework.asm.MethodVisitor::visitJumpInsn (17 bytes)
Event: 60.641 Thread 0x00000128b6a2b800 nmethod 5801 0x000001289f0ea610 code [0x000001289f0ea7e0, 0x000001289f0eaa50]
Event: 60.641 Thread 0x00000128b6a2b800 5804       3       org.springframework.util.ClassUtils::isAssignableValue (34 bytes)
Event: 60.641 Thread 0x00000128b6a2b800 nmethod 5804 0x000001289f0eab10 code [0x000001289f0ead00, 0x000001289f0eb100]
Event: 60.641 Thread 0x00000128b6a2b800 5803       1       org.springframework.core.MethodParameter::initParameterNameDiscovery (6 bytes)
Event: 60.641 Thread 0x00000128b6a2b800 nmethod 5803 0x00000128a5cb5a10 code [0x00000128a5cb5bc0, 0x00000128a5cb5d38]

GC Heap History (10 events):
Event: 13.003 GC heap before
{Heap before GC invocations=4 (full 0):
 garbage-first heap   total 163840K, used 94724K [0x0000000760e00000, 0x0000000800000000)
  region size 1024K, 85 young (87040K), 1 survivors (1024K)
 Metaspace       used 28641K, capacity 29493K, committed 29824K, reserved 1075200K
  class space    used 3274K, capacity 3609K, committed 3712K, reserved 1048576K
}
Event: 13.010 GC heap after
{Heap after GC invocations=5 (full 0):
 garbage-first heap   total 163840K, used 11808K [0x0000000760e00000, 0x0000000800000000)
  region size 1024K, 3 young (3072K), 3 survivors (3072K)
 Metaspace       used 28641K, capacity 29493K, committed 29824K, reserved 1075200K
  class space    used 3274K, capacity 3609K, committed 3712K, reserved 1048576K
}
Event: 17.520 GC heap before
{Heap before GC invocations=5 (full 0):
 garbage-first heap   total 163840K, used 52768K [0x0000000760e00000, 0x0000000800000000)
  region size 1024K, 44 young (45056K), 3 survivors (3072K)
 Metaspace       used 34641K, capacity 35679K, committed 35840K, reserved 1081344K
  class space    used 4090K, capacity 4504K, committed 4608K, reserved 1048576K
}
Event: 17.531 GC heap after
{Heap after GC invocations=6 (full 0):
 garbage-first heap   total 163840K, used 14885K [0x0000000760e00000, 0x0000000800000000)
  region size 1024K, 6 young (6144K), 6 survivors (6144K)
 Metaspace       used 34641K, capacity 35679K, committed 35840K, reserved 1081344K
  class space    used 4090K, capacity 4504K, committed 4608K, reserved 1048576K
}
Event: 18.988 GC heap before
{Heap before GC invocations=7 (full 0):
 garbage-first heap   total 163840K, used 96805K [0x0000000760e00000, 0x0000000800000000)
  region size 1024K, 87 young (89088K), 6 survivors (6144K)
 Metaspace       used 35996K, capacity 37102K, committed 37248K, reserved 1081344K
  class space    used 4225K, capacity 4681K, committed 4736K, reserved 1048576K
}
Event: 18.996 GC heap after
{Heap after GC invocations=8 (full 0):
 garbage-first heap   total 163840K, used 15937K [0x0000000760e00000, 0x0000000800000000)
  region size 1024K, 7 young (7168K), 7 survivors (7168K)
 Metaspace       used 35996K, capacity 37102K, committed 37248K, reserved 1081344K
  class space    used 4225K, capacity 4681K, committed 4736K, reserved 1048576K
}
Event: 41.357 GC heap before
{Heap before GC invocations=8 (full 0):
 garbage-first heap   total 163840K, used 100929K [0x0000000760e00000, 0x0000000800000000)
  region size 1024K, 91 young (93184K), 7 survivors (7168K)
 Metaspace       used 49972K, capacity 51286K, committed 51456K, reserved 1093632K
  class space    used 6050K, capacity 6587K, committed 6656K, reserved 1048576K
}
Event: 41.368 GC heap after
{Heap after GC invocations=9 (full 0):
 garbage-first heap   total 163840K, used 20573K [0x0000000760e00000, 0x0000000800000000)
  region size 1024K, 11 young (11264K), 11 survivors (11264K)
 Metaspace       used 49972K, capacity 51286K, committed 51456K, reserved 1093632K
  class space    used 6050K, capacity 6587K, committed 6656K, reserved 1048576K
}
Event: 52.765 GC heap before
{Heap before GC invocations=9 (full 0):
 garbage-first heap   total 163840K, used 78941K [0x0000000760e00000, 0x0000000800000000)
  region size 1024K, 69 young (70656K), 11 survivors (11264K)
 Metaspace       used 58690K, capacity 60055K, committed 60160K, reserved 1101824K
  class space    used 7328K, capacity 7864K, committed 7936K, reserved 1048576K
}
Event: 52.783 GC heap after
{Heap after GC invocations=10 (full 0):
 garbage-first heap   total 163840K, used 22669K [0x0000000760e00000, 0x0000000800000000)
  region size 1024K, 8 young (8192K), 8 survivors (8192K)
 Metaspace       used 58690K, capacity 60055K, committed 60160K, reserved 1101824K
  class space    used 7328K, capacity 7864K, committed 7936K, reserved 1048576K
}

Deoptimization events (10 events):
Event: 57.635 Thread 0x00000128b7628800 Uncommon trap: reason=unstable_if action=reinterpret pc=0x00000128a5af8870 method=org.springframework.core.annotation.TypeMappedAnnotations$MergedAnnotationFinder.doWithAnnotations(Ljava/lang/Object;ILjava/lang/Object;[Ljava/lang/annotation/Annotation;)Lo
Event: 57.640 Thread 0x00000128b7628800 Uncommon trap: reason=unstable_if action=reinterpret pc=0x00000128a5baadfc method=java.util.ArrayDeque.addLast(Ljava/lang/Object;)V @ 42 c2
Event: 57.842 Thread 0x00000128b7628800 Uncommon trap: reason=class_check action=maybe_recompile pc=0x00000128a5c37b5c method=org.springframework.core.ResolvableType.calculateHashCode()I @ 23 c2
Event: 57.844 Thread 0x00000128b7628800 Uncommon trap: reason=class_check action=maybe_recompile pc=0x00000128a5a89690 method=org.springframework.core.ResolvableType.equals(Ljava/lang/Object;)Z @ 66 c2
Event: 59.158 Thread 0x00000128b7628800 Uncommon trap: reason=unstable_if action=reinterpret pc=0x00000128a59ca3ac method=org.springframework.util.ObjectUtils.nullSafeEquals(Ljava/lang/Object;Ljava/lang/Object;)Z @ 12 c2
Event: 59.159 Thread 0x00000128b7628800 Uncommon trap: reason=unstable_if action=reinterpret pc=0x00000128a5bd06b0 method=java.util.Arrays$ArrayList.indexOf(Ljava/lang/Object;)I @ 6 c2
Event: 60.202 Thread 0x00000128b7628800 Uncommon trap: reason=unstable_if action=reinterpret pc=0x00000128a5b166f4 method=java.util.regex.Matcher.reset()Ljava/util/regex/Matcher; @ 71 c2
Event: 60.346 Thread 0x00000128b7628800 Uncommon trap: reason=unstable_if action=reinterpret pc=0x00000128a5a8e2f0 method=java.util.concurrent.ConcurrentHashMap.putVal(Ljava/lang/Object;Ljava/lang/Object;Z)Ljava/lang/Object; @ 401 c2
Event: 60.419 Thread 0x00000128b7628800 Uncommon trap: reason=bimorphic_or_optimized_type_check action=maybe_recompile pc=0x00000128a5c917d0 method=java.util.stream.AbstractPipeline.spliterator()Ljava/util/Spliterator; @ 112 c2
Event: 60.423 Thread 0x00000128b7628800 Uncommon trap: reason=class_check action=maybe_recompile pc=0x00000128a5c00474 method=java.lang.reflect.Method.equals(Ljava/lang/Object;)Z @ 5 c2

Classes redefined (0 events):
No events

Internal exceptions (10 events):
Event: 57.838 Thread 0x00000128b7628800 Exception <a 'java/lang/ClassNotFoundException'{0x0000000767a5a7b0}: java/lang/ObjectCustomizer> (0x0000000767a5a7b0) thrown at [t:/workspace/open/src/hotspot/share/classfile/systemDictionary.cpp, line 231]
Event: 57.839 Thread 0x00000128b7628800 Exception <a 'java/lang/ClassNotFoundException'{0x0000000767a70b50}: org/springframework/security/config/annotation/web/configuration/WebSecurityConfigurationCustomizer> (0x0000000767a70b50) thrown at [t:/workspace/open/src/hotspot/share/classfile/systemD
Event: 57.840 Thread 0x00000128b7628800 Exception <a 'java/lang/ClassNotFoundException'{0x0000000767a89e58}: org/springframework/context/annotation/ImportAwareCustomizer> (0x0000000767a89e58) thrown at [t:/workspace/open/src/hotspot/share/classfile/systemDictionary.cpp, line 231]
Event: 57.841 Thread 0x00000128b7628800 Exception <a 'java/lang/ClassNotFoundException'{0x0000000767a97b78}: org/springframework/beans/factory/AwareCustomizer> (0x0000000767a97b78) thrown at [t:/workspace/open/src/hotspot/share/classfile/systemDictionary.cpp, line 231]
Event: 57.841 Thread 0x00000128b7628800 Exception <a 'java/lang/ClassNotFoundException'{0x0000000767aa6738}: org/springframework/beans/factory/BeanClassLoaderAwareCustomizer> (0x0000000767aa6738) thrown at [t:/workspace/open/src/hotspot/share/classfile/systemDictionary.cpp, line 231]
Event: 57.842 Thread 0x00000128b7628800 Exception <a 'java/lang/ClassNotFoundException'{0x0000000767ab4468}: org/springframework/beans/factory/AwareCustomizer> (0x0000000767ab4468) thrown at [t:/workspace/open/src/hotspot/share/classfile/systemDictionary.cpp, line 231]
Event: 59.158 Thread 0x00000128b7628800 Implicit null exception at 0x00000128a59ca2dd to 0x00000128a59ca398
Event: 59.159 Thread 0x00000128b7628800 Implicit null exception at 0x00000128a5bd037a to 0x00000128a5bd069a
Event: 60.137 Thread 0x00000128b7628800 Exception <a 'java/lang/ClassNotFoundException'{0x00000007669ef2b8}: java/lang/ObjectCustomizer> (0x00000007669ef2b8) thrown at [t:/workspace/open/src/hotspot/share/classfile/systemDictionary.cpp, line 231]
Event: 60.138 Thread 0x00000128b7628800 Exception <a 'java/lang/ClassNotFoundException'{0x0000000766805b88}: org/springframework/security/config/annotation/web/configuration/HttpSecurityConfigurationCustomizer> (0x0000000766805b88) thrown at [t:/workspace/open/src/hotspot/share/classfile/system

Events (10 events):
Event: 60.725 loading class java/util/concurrent/Flow/Publisher
Event: 60.725 loading class java/util/concurrent/Flow/Publisher done
Event: 60.725 loading class java/util/concurrent/Flow$Publisher
Event: 60.745 loading class java/util/concurrent/Flow$Publisher done
Event: 60.745 loading class kotlinx/coroutines/reactor/MonoKt
Event: 60.745 loading class kotlinx/coroutines/reactor/MonoKt done
Event: 60.746 loading class kotlinx/coroutines/reactor$MonoKt
Event: 60.746 loading class kotlinx/coroutines/reactor$MonoKt done
Event: 60.746 loading class org/springframework/core/ReactiveAdapterRegistry$ReactorJdkFlowAdapterRegistrar
Event: 60.746 loading class org/springframework/core/ReactiveAdapterRegistry$ReactorJdkFlowAdapterRegistrar done


Dynamic libraries:
0x00007ff7c7c90000 - 0x00007ff7c7cd5000 	C:\Java\jdk-11\bin\java.exe
0x00007fffb8510000 - 0x00007fffb8705000 	C:\WINDOWS\SYSTEM32\ntdll.dll
0x00007fffb6a40000 - 0x00007fffb6afd000 	C:\WINDOWS\System32\KERNEL32.DLL
0x00007fffb6280000 - 0x00007fffb6549000 	C:\WINDOWS\System32\KERNELBASE.dll
0x00007fffb6cb0000 - 0x00007fffb6e50000 	C:\WINDOWS\System32\USER32.dll
0x00007fffb5e30000 - 0x00007fffb5e52000 	C:\WINDOWS\System32\win32u.dll
0x00007fffb68e0000 - 0x00007fffb690a000 	C:\WINDOWS\System32\GDI32.dll
0x00007fffb5e60000 - 0x00007fffb5f6b000 	C:\WINDOWS\System32\gdi32full.dll
0x00007fffb5d40000 - 0x00007fffb5ddd000 	C:\WINDOWS\System32\msvcp_win.dll
0x00007fffb6020000 - 0x00007fffb6120000 	C:\WINDOWS\System32\ucrtbase.dll
0x00007fffa23f0000 - 0x00007fffa268a000 	C:\WINDOWS\WinSxS\amd64_microsoft.windows.common-controls_6595b64144ccf1df_6.0.19041.1083_none_60bbe31371f34e71\COMCTL32.dll
0x00007fffb67b0000 - 0x00007fffb684e000 	C:\WINDOWS\System32\msvcrt.dll
0x00007fffb66d0000 - 0x00007fffb6700000 	C:\WINDOWS\System32\IMM32.DLL
0x00007fffafd90000 - 0x00007fffafda6000 	C:\Java\jdk-11\bin\vcruntime140.dll
0x00007fff90fa0000 - 0x00007fff9104a000 	C:\Java\jdk-11\bin\msvcp140.dll
0x00007fff89730000 - 0x00007fff8a271000 	C:\Java\jdk-11\bin\server\jvm.dll
0x00007fffb76f0000 - 0x00007fffb779c000 	C:\WINDOWS\System32\ADVAPI32.dll
0x00007fffb7580000 - 0x00007fffb761b000 	C:\WINDOWS\System32\sechost.dll
0x00007fffb6910000 - 0x00007fffb6a3a000 	C:\WINDOWS\System32\RPCRT4.dll
0x00007fffb6660000 - 0x00007fffb6668000 	C:\WINDOWS\System32\PSAPI.DLL
0x00007fffa8450000 - 0x00007fffa8477000 	C:\WINDOWS\SYSTEM32\WINMM.dll
0x00007fffae670000 - 0x00007fffae67a000 	C:\WINDOWS\SYSTEM32\VERSION.dll
0x00007fffa90c0000 - 0x00007fffa90c9000 	C:\WINDOWS\SYSTEM32\WSOCK32.dll
0x00007fffb6e50000 - 0x00007fffb6ebb000 	C:\WINDOWS\System32\WS2_32.dll
0x00007fffb3b40000 - 0x00007fffb3b52000 	C:\WINDOWS\SYSTEM32\kernel.appcore.dll
0x00007fffa9b90000 - 0x00007fffa9ba1000 	C:\Java\jdk-11\bin\verify.dll
0x00007fffa48e0000 - 0x00007fffa4ac4000 	C:\WINDOWS\SYSTEM32\DBGHELP.DLL
0x00007fffa9090000 - 0x00007fffa90bc000 	C:\WINDOWS\SYSTEM32\dbgcore.DLL
0x00007fffb5cb0000 - 0x00007fffb5d33000 	C:\WINDOWS\System32\bcryptPrimitives.dll
0x00007fff9ddb0000 - 0x00007fff9ddd8000 	C:\Java\jdk-11\bin\java.dll
0x00007fff9d950000 - 0x00007fff9d97f000 	C:\Java\jdk-11\bin\instrument.dll
0x00007fffa9b70000 - 0x00007fffa9b86000 	C:\Java\jdk-11\bin\zip.dll
0x00007fffb1c20000 - 0x00007fffb1c2a000 	C:\Java\jdk-11\bin\jimage.dll
0x00007fffb7950000 - 0x00007fffb808f000 	C:\WINDOWS\System32\SHELL32.dll
0x00007fffb3d40000 - 0x00007fffb44d1000 	C:\WINDOWS\SYSTEM32\windows.storage.dll
0x00007fffb8090000 - 0x00007fffb83e5000 	C:\WINDOWS\System32\combase.dll
0x00007fffb5620000 - 0x00007fffb564c000 	C:\WINDOWS\SYSTEM32\Wldp.dll
0x00007fffb6700000 - 0x00007fffb67ae000 	C:\WINDOWS\System32\SHCORE.dll
0x00007fffb7460000 - 0x00007fffb74b5000 	C:\WINDOWS\System32\shlwapi.dll
0x00007fffb5b90000 - 0x00007fffb5baf000 	C:\WINDOWS\SYSTEM32\profapi.dll
0x00007fffa9a60000 - 0x00007fffa9a79000 	C:\Java\jdk-11\bin\net.dll
0x00007fffac440000 - 0x00007fffac54a000 	C:\WINDOWS\SYSTEM32\WINHTTP.dll
0x00007fffb5300000 - 0x00007fffb536a000 	C:\WINDOWS\system32\mswsock.dll
0x00007fffa9970000 - 0x00007fffa9983000 	C:\Java\jdk-11\bin\nio.dll
0x00007fff9e2d0000 - 0x00007fff9e2ea000 	C:\Program Files\JetBrains\IntelliJ IDEA Community Edition 2021.1.3\bin\breakgen64.dll
0x00007fffaffd0000 - 0x00007fffaffd9000 	C:\Java\jdk-11\bin\management.dll
0x00007fffafc70000 - 0x00007fffafc7c000 	C:\Java\jdk-11\bin\management_ext.dll
0x00007fffb06e0000 - 0x00007fffb06f7000 	C:\WINDOWS\system32\napinsp.dll
0x00007fffb06c0000 - 0x00007fffb06db000 	C:\WINDOWS\system32\pnrpnsp.dll
0x00007fffb0440000 - 0x00007fffb0455000 	C:\WINDOWS\system32\wshbth.dll
0x00007fffaf610000 - 0x00007fffaf62d000 	C:\WINDOWS\system32\NLAapi.dll
0x00007fffb5000000 - 0x00007fffb503b000 	C:\WINDOWS\SYSTEM32\IPHLPAPI.DLL
0x00007fffb5040000 - 0x00007fffb510c000 	C:\WINDOWS\SYSTEM32\DNSAPI.dll
0x00007fffb6ec0000 - 0x00007fffb6ec8000 	C:\WINDOWS\System32\NSI.dll
0x00007fffb06a0000 - 0x00007fffb06b2000 	C:\WINDOWS\System32\winrnr.dll
0x00007fffac430000 - 0x00007fffac43a000 	C:\Windows\System32\rasadhlp.dll
0x00007fffab3e0000 - 0x00007fffab45f000 	C:\WINDOWS\System32\fwpuclnt.dll
0x00007fffb6550000 - 0x00007fffb6577000 	C:\WINDOWS\System32\bcrypt.dll
0x00007fffb54c0000 - 0x00007fffb54d8000 	C:\WINDOWS\SYSTEM32\CRYPTSP.dll
0x00007fffb4cb0000 - 0x00007fffb4ce4000 	C:\WINDOWS\system32\rsaenh.dll
0x00007fffb5b50000 - 0x00007fffb5b7e000 	C:\WINDOWS\SYSTEM32\USERENV.dll
0x00007fffb54b0000 - 0x00007fffb54bc000 	C:\WINDOWS\SYSTEM32\CRYPTBASE.dll
0x00007fffaf5d0000 - 0x00007fffaf5e7000 	C:\WINDOWS\SYSTEM32\dhcpcsvc6.DLL
0x00007fffaf5b0000 - 0x00007fffaf5cd000 	C:\WINDOWS\SYSTEM32\dhcpcsvc.DLL
0x00007fffa9db0000 - 0x00007fffa9dbd000 	C:\Java\jdk-11\bin\sunmscapi.dll
0x00007fffb6120000 - 0x00007fffb627f000 	C:\WINDOWS\System32\CRYPT32.dll
0x00007fffb5690000 - 0x00007fffb56b7000 	C:\WINDOWS\SYSTEM32\ncrypt.dll
0x00007fffb5650000 - 0x00007fffb568b000 	C:\WINDOWS\SYSTEM32\NTASN1.dll
0x00007fff9c530000 - 0x00007fff9c557000 	C:\Java\jdk-11\bin\sunec.dll

dbghelp: loaded successfully - version: 4.0.5 - missing functions: none
symbol engine: initialized successfully - sym options: 0x614 - pdb path: .;C:\Java\jdk-11\bin;C:\WINDOWS\SYSTEM32;C:\WINDOWS\WinSxS\amd64_microsoft.windows.common-controls_6595b64144ccf1df_6.0.19041.1083_none_60bbe31371f34e71;C:\Java\jdk-11\bin\server;C:\Program Files\JetBrains\IntelliJ IDEA Community Edition 2021.1.3\bin

VM Arguments:
jvm_args: -javaagent:C:\Program Files\JetBrains\IntelliJ IDEA Community Edition 2021.1.3\lib\idea_rt.jar=52272:C:\Program Files\JetBrains\IntelliJ IDEA Community Edition 2021.1.3\bin -Dfile.encoding=UTF-8 
java_command: br.com.correntedobembackend.correntedobembackend.CorrenteDoBemBackendApplication
java_class_path (initial): C:\Java\corrente_do_bem_backend\target\classes;C:\Users\gabir\.m2\repository\org\springframework\boot\spring-boot-starter-security\2.5.2\spring-boot-starter-security-2.5.2.jar;C:\Users\gabir\.m2\repository\org\springframework\boot\spring-boot-starter\2.5.2\spring-boot-starter-2.5.2.jar;C:\Users\gabir\.m2\repository\org\springframework\boot\spring-boot-starter-logging\2.5.2\spring-boot-starter-logging-2.5.2.jar;C:\Users\gabir\.m2\repository\ch\qos\logback\logback-classic\1.2.3\logback-classic-1.2.3.jar;C:\Users\gabir\.m2\repository\ch\qos\logback\logback-core\1.2.3\logback-core-1.2.3.jar;C:\Users\gabir\.m2\repository\org\apache\logging\log4j\log4j-to-slf4j\2.14.1\log4j-to-slf4j-2.14.1.jar;C:\Users\gabir\.m2\repository\org\apache\logging\log4j\log4j-api\2.14.1\log4j-api-2.14.1.jar;C:\Users\gabir\.m2\repository\org\slf4j\jul-to-slf4j\1.7.31\jul-to-slf4j-1.7.31.jar;C:\Users\gabir\.m2\repository\jakarta\annotation\jakarta.annotation-api\1.3.5\jakarta.annotation-api-1.3.5.jar;C:\Users\gabir\.m2\repository\org\yaml\snakeyaml\1.28\snakeyaml-1.28.jar;C:\Users\gabir\.m2\repository\org\springframework\spring-aop\5.3.8\spring-aop-5.3.8.jar;C:\Users\gabir\.m2\repository\org\springframework\spring-beans\5.3.8\spring-beans-5.3.8.jar;C:\Users\gabir\.m2\repository\org\springframework\security\spring-security-config\5.5.1\spring-security-config-5.5.1.jar;C:\Users\gabir\.m2\repository\org\springframework\spring-context\5.3.8\spring-context-5.3.8.jar;C:\Users\gabir\.m2\repository\org\springframework\security\spring-security-web\5.5.1\spring-security-web-5.5.1.jar;C:\Users\gabir\.m2\repository\org\springframework\spring-expression\5.3.8\spring-expression-5.3.8.jar;C:\Users\gabir\.m2\repository\org\springframework\boot\spring-boot-starter-web\2.5.2\spring-boot-starter-web-2.5.2.jar;C:\Users\gabir\.m2\repository\org\springframework\boot\spring-boot-starter-json\2.5.2\spring-boot-starter-json-2.5.2.jar;C:\Users\gabir\.m2\repository\com\fasterxml\jackson\datatyp
Launcher Type: SUN_STANDARD

[Global flags]
     intx CICompilerCount                          = 4                                         {product} {ergonomic}
     uint ConcGCThreads                            = 2                                         {product} {ergonomic}
     uint G1ConcRefinementThreads                  = 8                                         {product} {ergonomic}
   size_t G1HeapRegionSize                         = 1048576                                   {product} {ergonomic}
    uintx GCDrainStackTargetSize                   = 64                                        {product} {ergonomic}
   size_t InitialHeapSize                          = 167772160                                 {product} {ergonomic}
   size_t MarkStackSize                            = 4194304                                   {product} {ergonomic}
   size_t MaxHeapSize                              = 2669674496                                {product} {ergonomic}
   size_t MaxNewSize                               = 1601175552                                {product} {ergonomic}
   size_t MinHeapDeltaBytes                        = 1048576                                   {product} {ergonomic}
    uintx NonNMethodCodeHeapSize                   = 5835340                                {pd product} {ergonomic}
    uintx NonProfiledCodeHeapSize                  = 122911450                              {pd product} {ergonomic}
    uintx ProfiledCodeHeapSize                     = 122911450                              {pd product} {ergonomic}
    uintx ReservedCodeCacheSize                    = 251658240                              {pd product} {ergonomic}
     bool SegmentedCodeCache                       = true                                      {product} {ergonomic}
     bool UseCompressedClassPointers               = true                                 {lp64_product} {ergonomic}
     bool UseCompressedOops                        = true                                 {lp64_product} {ergonomic}
     bool UseG1GC                                  = true                                      {product} {ergonomic}
     bool UseLargePagesIndividualAllocation        = false                                  {pd product} {ergonomic}

Logging:
Log output configuration:
 #0: stdout all=warning uptime,level,tags
 #1: stderr all=off uptime,level,tags

Environment Variables:
JAVA_HOME=C:\Java\jdk-11
PATH=C:\Java\jdk-11\bin;C:\WINDOWS\system32;C:\WINDOWS;C:\WINDOWS\System32\Wbem;C:\WINDOWS\System32\WindowsPowerShell\v1.0\;C:\WINDOWS\System32\OpenSSH\;C:\Program Files\Git\cmd;C:\Program Files\nodejs\;C:\apache-maven-3.8.1-bin\apache-maven-3.8.1\bin;C:\Program Files\Docker\Docker\resources\bin;C:\ProgramData\DockerDesktop\version-bin;C:\Program Files\MySQL\MySQL Server 8.0\bin;C:\Users\gabir\AppData\Local\Microsoft\WindowsApps;C:\Users\gabir\AppData\Local\Programs\Microsoft VS Code\bin;C:\Program Files\JetBrains\IntelliJ IDEA Community Edition 2021.1.3\bin;;C:\Users\gabir\AppData\Local\GitHubDesktop\bin;C:\Users\gabir\AppData\Roaming\npm;C:\Program Files\MySQL\MySQL Server 8.0\bin;
USERNAME=gabir
OS=Windows_NT
PROCESSOR_IDENTIFIER=AMD64 Family 23 Model 24 Stepping 1, AuthenticAMD



---------------  S Y S T E M  ---------------

OS: Windows 10 , 64 bit Build 19041 (10.0.19041.1023)

CPU:total 8 (initial active 8) (8 cores per cpu, 2 threads per core) family 23 model 24 stepping 1, cmov, cx8, fxsr, mmx, sse, sse2, sse3, ssse3, sse4.1, sse4.2, popcnt, avx, avx2, aes, clmul, mmxext, 3dnowpref, lzcnt, sse4a, ht, tsc, tscinvbit, tscinv, bmi1, bmi2, adx, sha, fma

Memory: 4k page, system-wide physical 10178M (282M free)
TotalPageFile size 17178M (AvailPageFile size 39M)
current process WorkingSet (physical memory assigned to process): 306M, peak: 311M
current process commit charge ("private bytes"): 390M, peak: 396M

vm_info: OpenJDK 64-Bit Server VM (11+28) for windows-amd64 JRE (11+28), built on Aug 23 2018 03:04:58 by "mach5one" with MS VC++ 15.5 (VS2017)

END.
